Started GET "/" for 127.0.0.1 at 2020-09-11 09:36:17 -0700
DEPRECATION WARNING: ActiveRecord::Base.raise_in_transactional_callbacks= is deprecated, has no effect and will be removed without replacement. (called from block (3 levels) in <class:Railtie> at /Users/dillon/.rbenv/versions/2.5.1/lib/ruby/gems/2.5.0/gems/activerecord-5.0.7.2/lib/active_record/railtie.rb:113)
Processing by StaticPagesController#index as HTML
  Rendering static_pages/index.html.erb within layouts/application
  Rendered shared/_main_nav.html.erb (0.4ms)
  Rendered shared/_masthead.html.erb (0.5ms)
  Rendered shared/_sections_nav.html.erb (0.5ms)
  Rendered shared/_search_modal.html.erb (0.5ms)
  Rendered shared/_main_content.html.erb (0.4ms)
  Rendered static_pages/index.html.erb within layouts/application (35.7ms)
Completed 200 OK in 2041ms (Views: 2036.1ms | ActiveRecord: 0.0ms)


Started GET "/assets/components/modal.self-52188644dbb47def5ee35ae02e69eb567ca9b664472357a8a5789dd39032a265.js?body=1" for 127.0.0.1 at 2020-09-11 09:36:20 -0700
Started GET "/assets/components/sidebar.self-2a1277f850a6fa21e1a974ef5152f177ac05516477d5081d593bb137b3d6808b.js?body=1" for 127.0.0.1 at 2020-09-11 09:36:20 -0700
Started GET "/assets/application.self-f571b9db02bf4ed04c38a6a29072ac382f7d4f47db1fab9817aeadb0d8665235.js?body=1" for 127.0.0.1 at 2020-09-11 09:36:20 -0700
Started GET "/assets/application.self-21b44e3dd283c65e2b2371310b0ea54adbcf317e45a4722414d7e8abd78fdce9.css?body=1" for 127.0.0.1 at 2020-09-11 09:36:20 -0700
Started GET "/assets/components/dropdown.self-815016af6fab1d5b72abd319213bf62f0c42bab2c585d2e059543ae704a0d74c.js?body=1" for 127.0.0.1 at 2020-09-11 09:36:20 -0700
Started GET "/assets/jquery.self-bd7ddd393353a8d2480a622e80342adf488fb6006d667e8b42e4c0073393abee.js?body=1" for 127.0.0.1 at 2020-09-11 09:36:20 -0700
Started GET "/assets/jquery_ujs.self-784a997f6726036b1993eb2217c9cb558e1cbb801c6da88105588c56f13b466a.js?body=1" for 127.0.0.1 at 2020-09-11 09:36:20 -0700
Started GET "/" for ::1 at 2020-09-11 09:36:45 -0700
Processing by StaticPagesController#index as HTML
  Rendering static_pages/index.html.erb within layouts/application
  Rendered shared/_main_nav.html.erb (0.6ms)
  Rendered shared/_masthead.html.erb (1.3ms)
  Rendered shared/_sections_nav.html.erb (0.5ms)
  Rendered shared/_search_modal.html.erb (0.5ms)
  Rendered shared/_main_content.html.erb (0.5ms)
  Rendered static_pages/index.html.erb within layouts/application (36.5ms)
Completed 200 OK in 117ms (Views: 113.5ms | ActiveRecord: 0.0ms)


Started GET "/assets/application.self-21b44e3dd283c65e2b2371310b0ea54adbcf317e45a4722414d7e8abd78fdce9.css?body=1" for ::1 at 2020-09-11 09:36:45 -0700
Started GET "/assets/jquery.self-bd7ddd393353a8d2480a622e80342adf488fb6006d667e8b42e4c0073393abee.js?body=1" for ::1 at 2020-09-11 09:36:45 -0700
Started GET "/assets/components/modal.self-52188644dbb47def5ee35ae02e69eb567ca9b664472357a8a5789dd39032a265.js?body=1" for ::1 at 2020-09-11 09:36:45 -0700
Started GET "/assets/jquery_ujs.self-784a997f6726036b1993eb2217c9cb558e1cbb801c6da88105588c56f13b466a.js?body=1" for ::1 at 2020-09-11 09:36:45 -0700
Started GET "/assets/components/dropdown.self-815016af6fab1d5b72abd319213bf62f0c42bab2c585d2e059543ae704a0d74c.js?body=1" for ::1 at 2020-09-11 09:36:45 -0700
Started GET "/assets/components/sidebar.self-2a1277f850a6fa21e1a974ef5152f177ac05516477d5081d593bb137b3d6808b.js?body=1" for ::1 at 2020-09-11 09:36:45 -0700
Started GET "/assets/application.self-f571b9db02bf4ed04c38a6a29072ac382f7d4f47db1fab9817aeadb0d8665235.js?body=1" for ::1 at 2020-09-11 09:36:45 -0700
Started GET "/" for 127.0.0.1 at 2020-09-11 09:44:01 -0700
Processing by StaticPagesController#index as HTML
  Rendering static_pages/index.html.erb within layouts/application
  Rendered shared/_main_nav.html.erb (0.7ms)
  Rendered shared/_masthead.html.erb (0.8ms)
  Rendered shared/_sections_nav.html.erb (0.5ms)
  Rendered shared/_search_modal.html.erb (1.4ms)
  Rendered shared/_main_content.html.erb (0.4ms)
  Rendered static_pages/index.html.erb within layouts/application (31.7ms)
Completed 200 OK in 99ms (Views: 96.0ms | ActiveRecord: 0.0ms)


Started GET "/assets/application.self-21b44e3dd283c65e2b2371310b0ea54adbcf317e45a4722414d7e8abd78fdce9.css?body=1&livereload=1599842695158" for ::1 at 2020-09-11 09:44:55 -0700
Started GET "/assets/application.self-21b44e3dd283c65e2b2371310b0ea54adbcf317e45a4722414d7e8abd78fdce9.css?body=1&livereload=1599842695168" for ::1 at 2020-09-11 09:44:55 -0700
Started GET "/assets/application.self-21b44e3dd283c65e2b2371310b0ea54adbcf317e45a4722414d7e8abd78fdce9.css?body=1&livereload=1599842699549" for ::1 at 2020-09-11 09:44:59 -0700
Started GET "/assets/application.self-21b44e3dd283c65e2b2371310b0ea54adbcf317e45a4722414d7e8abd78fdce9.css?body=1&livereload=1599842699551" for ::1 at 2020-09-11 09:44:59 -0700
Started GET "/assets/application.self-21b44e3dd283c65e2b2371310b0ea54adbcf317e45a4722414d7e8abd78fdce9.css?body=1&livereload=1599842702683" for ::1 at 2020-09-11 09:45:02 -0700
Started GET "/assets/application.self-21b44e3dd283c65e2b2371310b0ea54adbcf317e45a4722414d7e8abd78fdce9.css?body=1&livereload=1599842702681" for ::1 at 2020-09-11 09:45:02 -0700
Started GET "/assets/application.self-21b44e3dd283c65e2b2371310b0ea54adbcf317e45a4722414d7e8abd78fdce9.css?body=1&livereload=1599842704079" for ::1 at 2020-09-11 09:45:04 -0700
Started GET "/assets/application.self-21b44e3dd283c65e2b2371310b0ea54adbcf317e45a4722414d7e8abd78fdce9.css?body=1&livereload=1599842704081" for ::1 at 2020-09-11 09:45:04 -0700
Started GET "/assets/application.self-21b44e3dd283c65e2b2371310b0ea54adbcf317e45a4722414d7e8abd78fdce9.css?body=1&livereload=1599842866669" for ::1 at 2020-09-11 09:47:46 -0700
Started GET "/assets/application.self-21b44e3dd283c65e2b2371310b0ea54adbcf317e45a4722414d7e8abd78fdce9.css?body=1&livereload=1599842866667" for ::1 at 2020-09-11 09:47:46 -0700
Started GET "/assets/application.self-21b44e3dd283c65e2b2371310b0ea54adbcf317e45a4722414d7e8abd78fdce9.css?body=1&livereload=1599842870338" for ::1 at 2020-09-11 09:47:50 -0700
Started GET "/assets/application.self-21b44e3dd283c65e2b2371310b0ea54adbcf317e45a4722414d7e8abd78fdce9.css?body=1&livereload=1599842870340" for ::1 at 2020-09-11 09:47:50 -0700
Started GET "/assets/application.self-21b44e3dd283c65e2b2371310b0ea54adbcf317e45a4722414d7e8abd78fdce9.css?body=1&livereload=1599842876416" for ::1 at 2020-09-11 09:47:56 -0700
Started GET "/assets/application.self-21b44e3dd283c65e2b2371310b0ea54adbcf317e45a4722414d7e8abd78fdce9.css?body=1&livereload=1599842876417" for ::1 at 2020-09-11 09:47:56 -0700
Started GET "/assets/application.self-21b44e3dd283c65e2b2371310b0ea54adbcf317e45a4722414d7e8abd78fdce9.css?body=1&livereload=1599842894095" for ::1 at 2020-09-11 09:48:14 -0700
Started GET "/assets/application.self-21b44e3dd283c65e2b2371310b0ea54adbcf317e45a4722414d7e8abd78fdce9.css?body=1&livereload=1599842894099" for ::1 at 2020-09-11 09:48:14 -0700
Started GET "/assets/application.self-21b44e3dd283c65e2b2371310b0ea54adbcf317e45a4722414d7e8abd78fdce9.css?body=1&livereload=1599842895144" for ::1 at 2020-09-11 09:48:15 -0700
Started GET "/assets/application.self-21b44e3dd283c65e2b2371310b0ea54adbcf317e45a4722414d7e8abd78fdce9.css?body=1&livereload=1599842895146" for ::1 at 2020-09-11 09:48:15 -0700
Started GET "/assets/application.self-21b44e3dd283c65e2b2371310b0ea54adbcf317e45a4722414d7e8abd78fdce9.css?body=1&livereload=1599842990466" for ::1 at 2020-09-11 09:49:50 -0700
Started GET "/assets/application.self-21b44e3dd283c65e2b2371310b0ea54adbcf317e45a4722414d7e8abd78fdce9.css?body=1&livereload=1599842990471" for ::1 at 2020-09-11 09:49:50 -0700
Started GET "/assets/application.self-21b44e3dd283c65e2b2371310b0ea54adbcf317e45a4722414d7e8abd78fdce9.css?body=1&livereload=1599842992447" for ::1 at 2020-09-11 09:49:52 -0700
Started GET "/assets/application.self-21b44e3dd283c65e2b2371310b0ea54adbcf317e45a4722414d7e8abd78fdce9.css?body=1&livereload=1599842992444" for ::1 at 2020-09-11 09:49:52 -0700
Started GET "/assets/application.self-21b44e3dd283c65e2b2371310b0ea54adbcf317e45a4722414d7e8abd78fdce9.css?body=1&livereload=1599843083283" for ::1 at 2020-09-11 09:51:23 -0700
Started GET "/assets/application.self-21b44e3dd283c65e2b2371310b0ea54adbcf317e45a4722414d7e8abd78fdce9.css?body=1&livereload=1599843083288" for ::1 at 2020-09-11 09:51:23 -0700
Started GET "/assets/application.self-21b44e3dd283c65e2b2371310b0ea54adbcf317e45a4722414d7e8abd78fdce9.css?body=1&livereload=1599843087881" for ::1 at 2020-09-11 09:51:27 -0700
Started GET "/assets/application.self-21b44e3dd283c65e2b2371310b0ea54adbcf317e45a4722414d7e8abd78fdce9.css?body=1&livereload=1599843087885" for ::1 at 2020-09-11 09:51:27 -0700
Started GET "/assets/application.self-21b44e3dd283c65e2b2371310b0ea54adbcf317e45a4722414d7e8abd78fdce9.css?body=1&livereload=1599843090149" for ::1 at 2020-09-11 09:51:30 -0700
Started GET "/assets/application.self-21b44e3dd283c65e2b2371310b0ea54adbcf317e45a4722414d7e8abd78fdce9.css?body=1&livereload=1599843090146" for ::1 at 2020-09-11 09:51:30 -0700
Started GET "/assets/application.self-21b44e3dd283c65e2b2371310b0ea54adbcf317e45a4722414d7e8abd78fdce9.css?body=1&livereload=1599843117545" for ::1 at 2020-09-11 09:51:57 -0700
Started GET "/assets/application.self-21b44e3dd283c65e2b2371310b0ea54adbcf317e45a4722414d7e8abd78fdce9.css?body=1&livereload=1599843117547" for ::1 at 2020-09-11 09:51:57 -0700
Started GET "/assets/application.self-21b44e3dd283c65e2b2371310b0ea54adbcf317e45a4722414d7e8abd78fdce9.css?body=1&livereload=1599843128070" for ::1 at 2020-09-11 09:52:08 -0700
Started GET "/assets/application.self-21b44e3dd283c65e2b2371310b0ea54adbcf317e45a4722414d7e8abd78fdce9.css?body=1&livereload=1599843128072" for ::1 at 2020-09-11 09:52:08 -0700
Started GET "/assets/application.self-21b44e3dd283c65e2b2371310b0ea54adbcf317e45a4722414d7e8abd78fdce9.css?body=1&livereload=1599843131270" for ::1 at 2020-09-11 09:52:11 -0700
Started GET "/assets/application.self-21b44e3dd283c65e2b2371310b0ea54adbcf317e45a4722414d7e8abd78fdce9.css?body=1&livereload=1599843131268" for ::1 at 2020-09-11 09:52:11 -0700
Started GET "/" for 127.0.0.1 at 2020-09-11 09:52:24 -0700
Processing by StaticPagesController#index as HTML
  Rendering static_pages/index.html.erb within layouts/application
  Rendered shared/_main_nav.html.erb (0.8ms)
  Rendered shared/_masthead.html.erb (0.5ms)
  Rendered shared/_sections_nav.html.erb (0.5ms)
  Rendered shared/_search_modal.html.erb (1.5ms)
  Rendered shared/_main_content.html.erb (0.3ms)
  Rendered static_pages/index.html.erb within layouts/application (32.0ms)
Completed 200 OK in 99ms (Views: 93.0ms | ActiveRecord: 0.0ms)


Started GET "/assets/application.self-acae9f56babf89dbe9ca170de8d33c131c11a17b546e1e83f24d0c61de3af94a.css?body=1" for 127.0.0.1 at 2020-09-11 09:52:25 -0700
Started GET "/" for ::1 at 2020-09-11 09:52:32 -0700
Processing by StaticPagesController#index as HTML
  Rendering static_pages/index.html.erb within layouts/application
  Rendered shared/_main_nav.html.erb (1.2ms)
  Rendered shared/_masthead.html.erb (1.0ms)
  Rendered shared/_sections_nav.html.erb (0.4ms)
  Rendered shared/_search_modal.html.erb (0.5ms)
  Rendered shared/_main_content.html.erb (0.3ms)
  Rendered static_pages/index.html.erb within layouts/application (43.1ms)
Completed 200 OK in 82ms (Views: 76.4ms | ActiveRecord: 0.0ms)


Started GET "/assets/application.self-acae9f56babf89dbe9ca170de8d33c131c11a17b546e1e83f24d0c61de3af94a.css?body=1" for ::1 at 2020-09-11 09:52:33 -0700
Started GET "/" for ::1 at 2020-09-11 09:52:35 -0700
Processing by StaticPagesController#index as HTML
  Rendering static_pages/index.html.erb within layouts/application
  Rendered shared/_main_nav.html.erb (0.9ms)
  Rendered shared/_masthead.html.erb (0.6ms)
  Rendered shared/_sections_nav.html.erb (0.6ms)
  Rendered shared/_search_modal.html.erb (1.6ms)
  Rendered shared/_main_content.html.erb (0.6ms)
  Rendered static_pages/index.html.erb within layouts/application (33.9ms)
Completed 200 OK in 93ms (Views: 88.4ms | ActiveRecord: 0.0ms)


Started GET "/assets/application.self-acae9f56babf89dbe9ca170de8d33c131c11a17b546e1e83f24d0c61de3af94a.css?body=1&livereload=1599843176868" for ::1 at 2020-09-11 09:52:56 -0700
Started GET "/assets/application.self-acae9f56babf89dbe9ca170de8d33c131c11a17b546e1e83f24d0c61de3af94a.css?body=1&livereload=1599843176871" for ::1 at 2020-09-11 09:52:56 -0700
Started GET "/" for 127.0.0.1 at 2020-09-11 09:53:53 -0700
Processing by StaticPagesController#index as HTML
  Rendering static_pages/index.html.erb within layouts/application
  Rendered shared/_main_nav.html.erb (0.6ms)
  Rendered shared/_masthead.html.erb (0.4ms)
  Rendered shared/_sections_nav.html.erb (0.5ms)
  Rendered shared/_search_modal.html.erb (0.5ms)
  Rendered shared/_main_content.html.erb (1.0ms)
  Rendered static_pages/index.html.erb within layouts/application (37.8ms)
Completed 200 OK in 100ms (Views: 95.9ms | ActiveRecord: 0.0ms)


Started GET "/assets/application.self-727055c69d7ee5bb0fccd0c991157d3feea6c9de1fbbd1f502b50e2822ceebd1.css?body=1" for 127.0.0.1 at 2020-09-11 09:53:54 -0700
Started GET "/" for 127.0.0.1 at 2020-09-11 09:54:17 -0700
Processing by StaticPagesController#index as HTML
  Rendering static_pages/index.html.erb within layouts/application
  Rendered shared/_main_nav.html.erb (0.9ms)
  Rendered shared/_masthead.html.erb (1.6ms)
  Rendered shared/_sections_nav.html.erb (1.1ms)
  Rendered shared/_search_modal.html.erb (0.4ms)
  Rendered shared/_main_content.html.erb (1.2ms)
  Rendered static_pages/index.html.erb within layouts/application (40.4ms)
Completed 200 OK in 112ms (Views: 108.0ms | ActiveRecord: 0.0ms)


Started GET "/" for 127.0.0.1 at 2020-09-11 09:57:51 -0700
Processing by StaticPagesController#index as HTML
  Rendering static_pages/index.html.erb within layouts/application
  Rendered shared/_main_nav.html.erb (0.4ms)
  Rendered shared/_masthead.html.erb (0.3ms)
  Rendered shared/_sections_nav.html.erb (0.3ms)
  Rendered shared/_search_modal.html.erb (0.5ms)
  Rendered shared/_main_content.html.erb (0.4ms)
  Rendered static_pages/index.html.erb within layouts/application (24.2ms)
Completed 200 OK in 412ms (Views: 409.7ms | ActiveRecord: 0.0ms)


Started GET "/assets/application.self-0b6e86f278a37845c3a79cc9a050d3057d4ce3eb25a9ff3df1241572c88b9c78.css?body=1" for 127.0.0.1 at 2020-09-11 09:57:52 -0700
Started GET "/" for 127.0.0.1 at 2020-09-11 09:57:53 -0700
Processing by StaticPagesController#index as HTML
  Rendering static_pages/index.html.erb within layouts/application
  Rendered shared/_main_nav.html.erb (0.4ms)
  Rendered shared/_masthead.html.erb (1.1ms)
  Rendered shared/_sections_nav.html.erb (0.4ms)
  Rendered shared/_search_modal.html.erb (0.5ms)
  Rendered shared/_main_content.html.erb (0.6ms)
  Rendered static_pages/index.html.erb within layouts/application (36.9ms)
Completed 200 OK in 198ms (Views: 190.4ms | ActiveRecord: 0.0ms)


Started GET "/" for ::1 at 2020-09-11 09:58:01 -0700
Processing by StaticPagesController#index as HTML
  Rendering static_pages/index.html.erb within layouts/application
  Rendered shared/_main_nav.html.erb (0.3ms)
  Rendered shared/_masthead.html.erb (0.5ms)
  Rendered shared/_sections_nav.html.erb (1.6ms)
  Rendered shared/_search_modal.html.erb (0.5ms)
  Rendered shared/_main_content.html.erb (0.7ms)
  Rendered static_pages/index.html.erb within layouts/application (28.8ms)
Completed 200 OK in 96ms (Views: 91.6ms | ActiveRecord: 0.0ms)


Started GET "/assets/application.self-0b6e86f278a37845c3a79cc9a050d3057d4ce3eb25a9ff3df1241572c88b9c78.css?body=1" for ::1 at 2020-09-11 09:58:01 -0700
Started GET "/" for ::1 at 2020-09-11 09:58:02 -0700
Processing by StaticPagesController#index as HTML
  Rendering static_pages/index.html.erb within layouts/application
  Rendered shared/_main_nav.html.erb (0.3ms)
  Rendered shared/_masthead.html.erb (0.4ms)
  Rendered shared/_sections_nav.html.erb (1.0ms)
  Rendered shared/_search_modal.html.erb (2.2ms)
  Rendered shared/_main_content.html.erb (0.3ms)
  Rendered static_pages/index.html.erb within layouts/application (33.9ms)
Completed 200 OK in 85ms (Views: 78.3ms | ActiveRecord: 0.0ms)


Started GET "/" for 127.0.0.1 at 2020-09-11 09:59:39 -0700
Processing by StaticPagesController#index as HTML
  Rendering static_pages/index.html.erb within layouts/application
  Rendered shared/_main_nav.html.erb (0.5ms)
  Rendered shared/_masthead.html.erb (0.5ms)
  Rendered shared/_sections_nav.html.erb (0.5ms)
  Rendered shared/_search_modal.html.erb (0.4ms)
  Rendered shared/_main_content.html.erb (1.1ms)
  Rendered static_pages/index.html.erb within layouts/application (22.7ms)
Completed 200 OK in 152ms (Views: 148.1ms | ActiveRecord: 0.0ms)


Started GET "/assets/application.self-7da74126c233c262b942ccfe123f321131d7c96f05deff6b78c2a0de03696ebb.css?body=1" for 127.0.0.1 at 2020-09-11 09:59:40 -0700
Started GET "/" for 127.0.0.1 at 2020-09-11 09:59:41 -0700
Processing by StaticPagesController#index as HTML
  Rendering static_pages/index.html.erb within layouts/application
  Rendered shared/_main_nav.html.erb (0.3ms)
  Rendered shared/_masthead.html.erb (0.3ms)
  Rendered shared/_sections_nav.html.erb (0.3ms)
  Rendered shared/_search_modal.html.erb (0.4ms)
  Rendered shared/_main_content.html.erb (0.3ms)
  Rendered static_pages/index.html.erb within layouts/application (13.3ms)
Completed 200 OK in 41ms (Views: 39.4ms | ActiveRecord: 0.0ms)


Started GET "/" for 127.0.0.1 at 2020-09-11 09:59:47 -0700
Processing by StaticPagesController#index as HTML
  Rendering static_pages/index.html.erb within layouts/application
  Rendered shared/_main_nav.html.erb (4.1ms)
  Rendered shared/_masthead.html.erb (0.4ms)
  Rendered shared/_sections_nav.html.erb (0.4ms)
  Rendered shared/_search_modal.html.erb (0.6ms)
  Rendered shared/_main_content.html.erb (0.6ms)
  Rendered static_pages/index.html.erb within layouts/application (80.7ms)
Completed 200 OK in 161ms (Views: 157.8ms | ActiveRecord: 0.0ms)


Started GET "/" for 127.0.0.1 at 2020-09-11 10:00:12 -0700
Processing by StaticPagesController#index as HTML
  Rendering static_pages/index.html.erb within layouts/application
  Rendered shared/_main_nav.html.erb (0.3ms)
  Rendered shared/_masthead.html.erb (0.3ms)
  Rendered shared/_sections_nav.html.erb (1.2ms)
  Rendered shared/_search_modal.html.erb (1.0ms)
  Rendered shared/_main_content.html.erb (0.4ms)
  Rendered static_pages/index.html.erb within layouts/application (20.5ms)
Completed 200 OK in 50ms (Views: 46.1ms | ActiveRecord: 0.0ms)


Started GET "/" for 127.0.0.1 at 2020-09-11 10:00:19 -0700
Processing by StaticPagesController#index as HTML
  Rendering static_pages/index.html.erb within layouts/application
  Rendered shared/_main_nav.html.erb (0.5ms)
  Rendered shared/_masthead.html.erb (1.3ms)
  Rendered shared/_sections_nav.html.erb (0.4ms)
  Rendered shared/_search_modal.html.erb (0.4ms)
  Rendered shared/_main_content.html.erb (0.6ms)
  Rendered static_pages/index.html.erb within layouts/application (25.1ms)
Completed 200 OK in 72ms (Views: 69.3ms | ActiveRecord: 0.0ms)


Started GET "/" for 127.0.0.1 at 2020-09-11 10:02:08 -0700
Processing by StaticPagesController#index as HTML
  Rendering static_pages/index.html.erb within layouts/application
  Rendered shared/_main_nav.html.erb (0.3ms)
  Rendered shared/_masthead.html.erb (0.3ms)
  Rendered shared/_sections_nav.html.erb (0.3ms)
  Rendered shared/_search_modal.html.erb (1.3ms)
  Rendered shared/_main_content.html.erb (1.7ms)
  Rendered static_pages/index.html.erb within layouts/application (19.6ms)
Completed 200 OK in 333ms (Views: 330.3ms | ActiveRecord: 0.0ms)


Started GET "/assets/application.self-2585bc2b884becadba1f56d8d5441927dfee61171b911591ce64f6b8c793d238.css?body=1" for 127.0.0.1 at 2020-09-11 10:02:09 -0700
Started GET "/" for 127.0.0.1 at 2020-09-11 10:03:37 -0700
Processing by StaticPagesController#index as HTML
  Rendering static_pages/index.html.erb within layouts/application
  Rendered shared/_main_nav.html.erb (1.4ms)
  Rendered shared/_masthead.html.erb (0.4ms)
  Rendered shared/_sections_nav.html.erb (0.3ms)
  Rendered shared/_search_modal.html.erb (0.6ms)
  Rendered shared/_main_content.html.erb (0.5ms)
  Rendered static_pages/index.html.erb within layouts/application (27.5ms)
Completed 200 OK in 136ms (Views: 131.6ms | ActiveRecord: 0.0ms)


Started GET "/assets/application.self-f4661d2c92e941df01108909e44bb8ff95a940b7f6af2bf3e4d4ab2fedcfe22d.css?body=1" for 127.0.0.1 at 2020-09-11 10:03:38 -0700
Started GET "/" for 127.0.0.1 at 2020-09-11 10:03:41 -0700
Processing by StaticPagesController#index as HTML
  Rendering static_pages/index.html.erb within layouts/application
  Rendered shared/_main_nav.html.erb (0.8ms)
  Rendered shared/_masthead.html.erb (0.5ms)
  Rendered shared/_sections_nav.html.erb (1.0ms)
  Rendered shared/_search_modal.html.erb (0.6ms)
  Rendered shared/_main_content.html.erb (0.4ms)
  Rendered static_pages/index.html.erb within layouts/application (30.2ms)
Completed 200 OK in 78ms (Views: 74.8ms | ActiveRecord: 0.0ms)


Started GET "/" for 127.0.0.1 at 2020-09-11 10:03:43 -0700
Processing by StaticPagesController#index as HTML
  Rendering static_pages/index.html.erb within layouts/application
  Rendered shared/_main_nav.html.erb (0.6ms)
  Rendered shared/_masthead.html.erb (0.5ms)
  Rendered shared/_sections_nav.html.erb (0.6ms)
  Rendered shared/_search_modal.html.erb (0.4ms)
  Rendered shared/_main_content.html.erb (0.5ms)
  Rendered static_pages/index.html.erb within layouts/application (35.5ms)
Completed 200 OK in 98ms (Views: 89.4ms | ActiveRecord: 0.0ms)


Started GET "/" for 127.0.0.1 at 2020-09-11 10:06:41 -0700
Processing by StaticPagesController#index as HTML
  Rendering static_pages/index.html.erb within layouts/application
  Rendered shared/_main_nav.html.erb (0.5ms)
  Rendered shared/_masthead.html.erb (1.4ms)
  Rendered shared/_sections_nav.html.erb (0.5ms)
  Rendered shared/_search_modal.html.erb (0.3ms)
  Rendered shared/_main_content.html.erb (1.4ms)
  Rendered static_pages/index.html.erb within layouts/application (40.6ms)
Completed 200 OK in 92ms (Views: 89.2ms | ActiveRecord: 0.0ms)


Started GET "/" for ::1 at 2020-09-11 10:07:59 -0700
Processing by StaticPagesController#index as HTML
  Rendering static_pages/index.html.erb within layouts/application
  Rendered shared/_main_nav.html.erb (0.6ms)
  Rendered shared/_masthead.html.erb (0.6ms)
  Rendered shared/_sections_nav.html.erb (0.5ms)
  Rendered shared/_search_modal.html.erb (8.1ms)
  Rendered shared/_main_content.html.erb (0.4ms)
  Rendered static_pages/index.html.erb within layouts/application (45.2ms)
Completed 200 OK in 168ms (Views: 163.0ms | ActiveRecord: 0.0ms)


Started GET "/assets/application.self-f4661d2c92e941df01108909e44bb8ff95a940b7f6af2bf3e4d4ab2fedcfe22d.css?body=1" for ::1 at 2020-09-11 10:07:59 -0700
Started GET "/" for 127.0.0.1 at 2020-09-11 10:08:15 -0700
Processing by StaticPagesController#index as HTML
  Rendering static_pages/index.html.erb within layouts/application
  Rendered shared/_main_nav.html.erb (0.9ms)
  Rendered shared/_masthead.html.erb (1.7ms)
  Rendered shared/_sections_nav.html.erb (0.5ms)
  Rendered shared/_search_modal.html.erb (0.4ms)
  Rendered shared/_main_content.html.erb (0.3ms)
  Rendered static_pages/index.html.erb within layouts/application (30.9ms)
Completed 200 OK in 114ms (Views: 108.0ms | ActiveRecord: 0.0ms)


Started GET "/" for 127.0.0.1 at 2020-09-11 10:09:36 -0700
Processing by StaticPagesController#index as HTML
  Rendering static_pages/index.html.erb within layouts/application
  Rendered shared/_main_nav.html.erb (0.7ms)
  Rendered shared/_masthead.html.erb (6.3ms)
  Rendered shared/_sections_nav.html.erb (0.5ms)
  Rendered shared/_search_modal.html.erb (0.4ms)
  Rendered shared/_main_content.html.erb (0.4ms)
  Rendered static_pages/index.html.erb within layouts/application (40.1ms)
Completed 200 OK in 96ms (Views: 92.5ms | ActiveRecord: 0.0ms)


Started GET "/" for ::1 at 2020-09-11 10:11:26 -0700
Processing by StaticPagesController#index as HTML
  Rendering static_pages/index.html.erb within layouts/application
  Rendered shared/_main_nav.html.erb (0.5ms)
  Rendered shared/_masthead.html.erb (0.4ms)
  Rendered shared/_sections_nav.html.erb (9.7ms)
  Rendered shared/_search_modal.html.erb (0.5ms)
  Rendered shared/_main_content.html.erb (0.8ms)
  Rendered static_pages/index.html.erb within layouts/application (92.9ms)
Completed 200 OK in 484ms (Views: 453.3ms | ActiveRecord: 0.0ms)


Started GET "/assets/application.self-a9599e282fea3e5c674d445d7a4e84186e8c2e0d2f9fbf58f7651c02a9157200.css?body=1" for ::1 at 2020-09-11 10:11:27 -0700
Started GET "/" for 127.0.0.1 at 2020-09-11 10:12:35 -0700
Processing by StaticPagesController#index as HTML
  Rendering static_pages/index.html.erb within layouts/application
  Rendered shared/_main_nav.html.erb (2.6ms)
  Rendered shared/_masthead.html.erb (0.4ms)
  Rendered shared/_sections_nav.html.erb (3.9ms)
  Rendered shared/_search_modal.html.erb (0.4ms)
  Rendered shared/_main_content.html.erb (12.5ms)
  Rendered static_pages/index.html.erb within layouts/application (196.5ms)
Completed 200 OK in 1276ms (Views: 1271.6ms | ActiveRecord: 0.0ms)


Started GET "/assets/application.self-6918cfc0ac556c555552e031e899ee539fa206bb8875874f1e6ca90b49e16fb4.css?body=1" for 127.0.0.1 at 2020-09-11 10:12:37 -0700
Started GET "/" for 127.0.0.1 at 2020-09-11 10:12:39 -0700
Processing by StaticPagesController#index as HTML
  Rendering static_pages/index.html.erb within layouts/application
  Rendered shared/_main_nav.html.erb (0.5ms)
  Rendered shared/_masthead.html.erb (1.1ms)
  Rendered shared/_sections_nav.html.erb (0.4ms)
  Rendered shared/_search_modal.html.erb (2.2ms)
  Rendered shared/_main_content.html.erb (0.5ms)
  Rendered static_pages/index.html.erb within layouts/application (38.4ms)
Completed 200 OK in 154ms (Views: 148.1ms | ActiveRecord: 0.0ms)


Started GET "/" for 127.0.0.1 at 2020-09-11 10:12:41 -0700
Processing by StaticPagesController#index as HTML
  Rendering static_pages/index.html.erb within layouts/application
  Rendered shared/_main_nav.html.erb (0.6ms)
  Rendered shared/_masthead.html.erb (0.6ms)
  Rendered shared/_sections_nav.html.erb (1.0ms)
  Rendered shared/_search_modal.html.erb (1.9ms)
  Rendered shared/_main_content.html.erb (0.5ms)
  Rendered static_pages/index.html.erb within layouts/application (91.8ms)
Completed 200 OK in 232ms (Views: 229.0ms | ActiveRecord: 0.0ms)


Started GET "/" for 127.0.0.1 at 2020-09-11 10:12:57 -0700
Processing by StaticPagesController#index as HTML
  Rendering static_pages/index.html.erb within layouts/application
  Rendered shared/_main_nav.html.erb (0.6ms)
  Rendered shared/_masthead.html.erb (0.4ms)
  Rendered shared/_sections_nav.html.erb (0.7ms)
  Rendered shared/_search_modal.html.erb (0.4ms)
  Rendered shared/_main_content.html.erb (2.3ms)
  Rendered static_pages/index.html.erb within layouts/application (48.5ms)
Completed 200 OK in 388ms (Views: 383.8ms | ActiveRecord: 0.0ms)


Started GET "/assets/application.self-c4330cb2e476d32d299f6babbf94b84a034ac4c9ca9ac350d6150967c7f689fd.css?body=1" for 127.0.0.1 at 2020-09-11 10:12:58 -0700
Started GET "/" for 127.0.0.1 at 2020-09-11 10:13:53 -0700
Processing by StaticPagesController#index as HTML
  Rendering static_pages/index.html.erb within layouts/application
  Rendered shared/_main_nav.html.erb (0.5ms)
  Rendered shared/_masthead.html.erb (0.4ms)
  Rendered shared/_sections_nav.html.erb (0.3ms)
  Rendered shared/_search_modal.html.erb (0.2ms)
  Rendered shared/_main_content.html.erb (0.4ms)
  Rendered static_pages/index.html.erb within layouts/application (14.8ms)
Completed 200 OK in 44ms (Views: 41.9ms | ActiveRecord: 0.0ms)


Started GET "/" for 127.0.0.1 at 2020-09-11 10:16:53 -0700
Processing by StaticPagesController#index as HTML
  Rendering static_pages/index.html.erb within layouts/application
  Rendered shared/_main_nav.html.erb (2.6ms)
  Rendered shared/_masthead.html.erb (0.4ms)
  Rendered shared/_sections_nav.html.erb (0.6ms)
  Rendered shared/_search_modal.html.erb (0.6ms)
  Rendered shared/_main_content.html.erb (1.1ms)
  Rendered static_pages/index.html.erb within layouts/application (51.1ms)
Completed 200 OK in 244ms (Views: 240.9ms | ActiveRecord: 0.0ms)


Started GET "/assets/application.self-44c60705db30574c32c1f31fa529a78f7256a3f13dd9e92325c4ed53b03783f2.css?body=1" for 127.0.0.1 at 2020-09-11 10:16:54 -0700
Started GET "/" for ::1 at 2020-09-11 10:17:04 -0700
Processing by StaticPagesController#index as HTML
  Rendering static_pages/index.html.erb within layouts/application
  Rendered shared/_main_nav.html.erb (0.5ms)
  Rendered shared/_masthead.html.erb (0.4ms)
  Rendered shared/_sections_nav.html.erb (0.7ms)
  Rendered shared/_search_modal.html.erb (1.1ms)
  Rendered shared/_main_content.html.erb (0.8ms)
  Rendered static_pages/index.html.erb within layouts/application (37.6ms)
Completed 200 OK in 126ms (Views: 119.5ms | ActiveRecord: 0.0ms)


Started GET "/assets/application.self-44c60705db30574c32c1f31fa529a78f7256a3f13dd9e92325c4ed53b03783f2.css?body=1" for ::1 at 2020-09-11 10:17:04 -0700
Started GET "/" for ::1 at 2020-09-11 10:17:25 -0700
Processing by StaticPagesController#index as HTML
  Rendering static_pages/index.html.erb within layouts/application
  Rendered shared/_main_nav.html.erb (1.4ms)
  Rendered shared/_masthead.html.erb (0.4ms)
  Rendered shared/_sections_nav.html.erb (0.4ms)
  Rendered shared/_search_modal.html.erb (0.8ms)
  Rendered shared/_main_content.html.erb (0.6ms)
  Rendered static_pages/index.html.erb within layouts/application (42.7ms)
Started GET "/" for 127.0.0.1 at 2020-09-11 10:17:25 -0700
Processing by StaticPagesController#index as HTML
  Rendering static_pages/index.html.erb within layouts/application
  Rendered shared/_main_nav.html.erb (1.0ms)
  Rendered shared/_masthead.html.erb (0.5ms)
  Rendered shared/_sections_nav.html.erb (0.5ms)
  Rendered shared/_search_modal.html.erb (0.5ms)
  Rendered shared/_main_content.html.erb (0.5ms)
  Rendered static_pages/index.html.erb within layouts/application (61.7ms)
Completed 200 OK in 548ms (Views: 543.8ms | ActiveRecord: 0.0ms)


Started GET "/assets/application.self-bd6e2d7234bc219adebfd055b417647c3bffa4d9945de02ae5446b0d54b84f40.css?body=1" for ::1 at 2020-09-11 10:17:25 -0700
Completed 200 OK in 203ms (Views: 198.6ms | ActiveRecord: 0.0ms)


Started GET "/assets/application.self-bd6e2d7234bc219adebfd055b417647c3bffa4d9945de02ae5446b0d54b84f40.css?body=1" for 127.0.0.1 at 2020-09-11 10:17:26 -0700
Started GET "/" for 127.0.0.1 at 2020-09-11 10:18:27 -0700
Processing by StaticPagesController#index as HTML
  Rendering static_pages/index.html.erb within layouts/application
  Rendered shared/_main_nav.html.erb (0.9ms)
  Rendered shared/_masthead.html.erb (2.4ms)
  Rendered shared/_sections_nav.html.erb (0.8ms)
  Rendered shared/_search_modal.html.erb (0.9ms)
  Rendered shared/_main_content.html.erb (0.5ms)
  Rendered static_pages/index.html.erb within layouts/application (42.2ms)
Completed 200 OK in 263ms (Views: 258.9ms | ActiveRecord: 0.0ms)


Started GET "/assets/application.self-fd65c5e7b776c9f7bdf71bce82125a37941d1e7d8a77836b63edc48c11717cbb.css?body=1" for 127.0.0.1 at 2020-09-11 10:18:28 -0700
Started GET "/" for ::1 at 2020-09-11 10:18:32 -0700
Processing by StaticPagesController#index as HTML
  Rendering static_pages/index.html.erb within layouts/application
  Rendered shared/_main_nav.html.erb (0.6ms)
  Rendered shared/_masthead.html.erb (0.5ms)
  Rendered shared/_sections_nav.html.erb (0.3ms)
  Rendered shared/_search_modal.html.erb (0.3ms)
  Rendered shared/_main_content.html.erb (0.8ms)
  Rendered static_pages/index.html.erb within layouts/application (30.3ms)
Completed 200 OK in 97ms (Views: 92.0ms | ActiveRecord: 0.0ms)


Started GET "/assets/application.self-fd65c5e7b776c9f7bdf71bce82125a37941d1e7d8a77836b63edc48c11717cbb.css?body=1" for ::1 at 2020-09-11 10:18:32 -0700
Started GET "/" for 127.0.0.1 at 2020-09-11 10:19:22 -0700
Processing by StaticPagesController#index as HTML
  Rendering static_pages/index.html.erb within layouts/application
  Rendered shared/_main_nav.html.erb (0.6ms)
  Rendered shared/_masthead.html.erb (1.5ms)
  Rendered shared/_sections_nav.html.erb (0.4ms)
  Rendered shared/_search_modal.html.erb (0.5ms)
  Rendered shared/_main_content.html.erb (1.1ms)
  Rendered static_pages/index.html.erb within layouts/application (62.2ms)
Completed 200 OK in 993ms (Views: 986.9ms | ActiveRecord: 0.0ms)


Started GET "/assets/application.self-bfabcdd1212d07ba398518b5ae0581adfd26193231919927e6978e9a857ece93.css?body=1" for 127.0.0.1 at 2020-09-11 10:19:23 -0700
Started GET "/" for ::1 at 2020-09-11 10:19:32 -0700
Processing by StaticPagesController#index as HTML
  Rendering static_pages/index.html.erb within layouts/application
  Rendered shared/_main_nav.html.erb (0.7ms)
  Rendered shared/_masthead.html.erb (0.7ms)
  Rendered shared/_sections_nav.html.erb (0.6ms)
  Rendered shared/_search_modal.html.erb (0.6ms)
  Rendered shared/_main_content.html.erb (0.5ms)
  Rendered static_pages/index.html.erb within layouts/application (41.8ms)
Completed 200 OK in 87ms (Views: 83.3ms | ActiveRecord: 0.0ms)


Started GET "/assets/application.self-bfabcdd1212d07ba398518b5ae0581adfd26193231919927e6978e9a857ece93.css?body=1" for ::1 at 2020-09-11 10:19:32 -0700
Started GET "/" for ::1 at 2020-09-11 10:19:33 -0700
Processing by StaticPagesController#index as HTML
  Rendering static_pages/index.html.erb within layouts/application
  Rendered shared/_main_nav.html.erb (0.8ms)
  Rendered shared/_masthead.html.erb (0.6ms)
  Rendered shared/_sections_nav.html.erb (0.5ms)
  Rendered shared/_search_modal.html.erb (0.3ms)
  Rendered shared/_main_content.html.erb (0.3ms)
  Rendered static_pages/index.html.erb within layouts/application (22.6ms)
Completed 200 OK in 78ms (Views: 74.8ms | ActiveRecord: 0.0ms)


Started GET "/" for 127.0.0.1 at 2020-09-11 10:19:43 -0700
Processing by StaticPagesController#index as HTML
  Rendering static_pages/index.html.erb within layouts/application
  Rendered shared/_main_nav.html.erb (2.0ms)
  Rendered shared/_masthead.html.erb (0.6ms)
  Rendered shared/_sections_nav.html.erb (0.6ms)
  Rendered shared/_search_modal.html.erb (0.5ms)
  Rendered shared/_main_content.html.erb (0.5ms)
  Rendered static_pages/index.html.erb within layouts/application (53.8ms)
Completed 200 OK in 1283ms (Views: 1279.1ms | ActiveRecord: 0.0ms)


Started GET "/assets/application.self-4ec396d429b0c21f61ca8ce5a5f4443fe7ac3dc4cdc1e6c6473e97f6aa5684ac.css?body=1" for 127.0.0.1 at 2020-09-11 10:19:45 -0700
Started GET "/" for 127.0.0.1 at 2020-09-11 10:20:49 -0700
Processing by StaticPagesController#index as HTML
  Rendering static_pages/index.html.erb within layouts/application
  Rendered shared/_main_nav.html.erb (0.6ms)
  Rendered shared/_masthead.html.erb (0.4ms)
  Rendered shared/_sections_nav.html.erb (0.7ms)
  Rendered shared/_search_modal.html.erb (0.5ms)
  Rendered shared/_main_content.html.erb (0.4ms)
  Rendered static_pages/index.html.erb within layouts/application (44.5ms)
Completed 200 OK in 311ms (Views: 303.1ms | ActiveRecord: 0.0ms)


Started GET "/assets/application.self-dbf8ff8099c9fcb3b5f2bc7ec4a109aa03c9c348f36c53897f7ada0ecc3ceee6.css?body=1" for 127.0.0.1 at 2020-09-11 10:20:50 -0700
Started GET "/" for ::1 at 2020-09-11 10:20:53 -0700
Processing by StaticPagesController#index as HTML
  Rendering static_pages/index.html.erb within layouts/application
  Rendered shared/_main_nav.html.erb (1.7ms)
  Rendered shared/_masthead.html.erb (0.4ms)
  Rendered shared/_sections_nav.html.erb (2.0ms)
  Rendered shared/_search_modal.html.erb (0.5ms)
  Rendered shared/_main_content.html.erb (0.7ms)
  Rendered static_pages/index.html.erb within layouts/application (33.0ms)
Completed 200 OK in 96ms (Views: 83.3ms | ActiveRecord: 0.0ms)


Started GET "/assets/application.self-dbf8ff8099c9fcb3b5f2bc7ec4a109aa03c9c348f36c53897f7ada0ecc3ceee6.css?body=1" for ::1 at 2020-09-11 10:20:53 -0700
Started GET "/" for ::1 at 2020-09-11 10:20:55 -0700
Processing by StaticPagesController#index as HTML
  Rendering static_pages/index.html.erb within layouts/application
  Rendered shared/_main_nav.html.erb (0.7ms)
  Rendered shared/_masthead.html.erb (0.5ms)
  Rendered shared/_sections_nav.html.erb (0.5ms)
  Rendered shared/_search_modal.html.erb (0.6ms)
  Rendered shared/_main_content.html.erb (2.1ms)
  Rendered static_pages/index.html.erb within layouts/application (44.4ms)
Completed 200 OK in 89ms (Views: 79.2ms | ActiveRecord: 0.0ms)


Started GET "/" for 127.0.0.1 at 2020-09-11 10:21:04 -0700
Processing by StaticPagesController#index as HTML
  Rendering static_pages/index.html.erb within layouts/application
  Rendered shared/_main_nav.html.erb (0.6ms)
  Rendered shared/_masthead.html.erb (2.0ms)
  Rendered shared/_sections_nav.html.erb (0.6ms)
  Rendered shared/_search_modal.html.erb (0.6ms)
  Rendered shared/_main_content.html.erb (0.4ms)
  Rendered static_pages/index.html.erb within layouts/application (47.1ms)
Started GET "/" for ::1 at 2020-09-11 10:21:04 -0700
Processing by StaticPagesController#index as HTML
  Rendering static_pages/index.html.erb within layouts/application
  Rendered shared/_main_nav.html.erb (0.7ms)
  Rendered shared/_masthead.html.erb (1.0ms)
  Rendered shared/_sections_nav.html.erb (1.9ms)
  Rendered shared/_search_modal.html.erb (1.0ms)
  Rendered shared/_main_content.html.erb (0.8ms)
  Rendered static_pages/index.html.erb within layouts/application (79.4ms)
Completed 200 OK in 523ms (Views: 514.4ms | ActiveRecord: 0.0ms)


Completed 200 OK in 289ms (Views: 279.4ms | ActiveRecord: 0.0ms)


Started GET "/assets/application.self-24ed45bff37db671978d05c973df148da97fb6bb3fc88b7fd133eb66dbc7f39e.css?body=1" for ::1 at 2020-09-11 10:21:04 -0700
Started GET "/assets/application.self-24ed45bff37db671978d05c973df148da97fb6bb3fc88b7fd133eb66dbc7f39e.css?body=1" for 127.0.0.1 at 2020-09-11 10:21:04 -0700
Started GET "/" for 127.0.0.1 at 2020-09-11 10:21:11 -0700
Processing by StaticPagesController#index as HTML
  Rendering static_pages/index.html.erb within layouts/application
  Rendered shared/_main_nav.html.erb (0.3ms)
  Rendered shared/_masthead.html.erb (0.3ms)
  Rendered shared/_sections_nav.html.erb (0.3ms)
  Rendered shared/_search_modal.html.erb (0.9ms)
  Rendered shared/_main_content.html.erb (0.4ms)
  Rendered static_pages/index.html.erb within layouts/application (22.1ms)
Started GET "/" for ::1 at 2020-09-11 10:21:12 -0700
Processing by StaticPagesController#index as HTML
  Rendering static_pages/index.html.erb within layouts/application
  Rendered shared/_main_nav.html.erb (0.7ms)
  Rendered shared/_masthead.html.erb (0.5ms)
  Rendered shared/_sections_nav.html.erb (0.6ms)
  Rendered shared/_search_modal.html.erb (0.5ms)
  Rendered shared/_main_content.html.erb (5.8ms)
  Rendered static_pages/index.html.erb within layouts/application (48.7ms)
Completed 200 OK in 310ms (Views: 306.1ms | ActiveRecord: 0.0ms)


Completed 200 OK in 155ms (Views: 148.4ms | ActiveRecord: 0.0ms)


Started GET "/assets/application.self-38243938cb31f77d20af0009c7b85934f6f2ad24988040811353bd2f94d4794a.css?body=1" for ::1 at 2020-09-11 10:21:12 -0700
Started GET "/assets/application.self-38243938cb31f77d20af0009c7b85934f6f2ad24988040811353bd2f94d4794a.css?body=1" for 127.0.0.1 at 2020-09-11 10:21:12 -0700
Started GET "/" for ::1 at 2020-09-11 10:21:13 -0700
Processing by StaticPagesController#index as HTML
  Rendering static_pages/index.html.erb within layouts/application
  Rendered shared/_main_nav.html.erb (0.5ms)
  Rendered shared/_masthead.html.erb (0.4ms)
  Rendered shared/_sections_nav.html.erb (0.4ms)
  Rendered shared/_search_modal.html.erb (0.6ms)
  Rendered shared/_main_content.html.erb (1.6ms)
  Rendered static_pages/index.html.erb within layouts/application (76.4ms)
Completed 200 OK in 213ms (Views: 207.3ms | ActiveRecord: 0.0ms)


Started GET "/" for 127.0.0.1 at 2020-09-11 10:21:14 -0700
Processing by StaticPagesController#index as HTML
  Rendering static_pages/index.html.erb within layouts/application
  Rendered shared/_main_nav.html.erb (0.3ms)
  Rendered shared/_masthead.html.erb (0.3ms)
  Rendered shared/_sections_nav.html.erb (0.5ms)
  Rendered shared/_search_modal.html.erb (0.7ms)
  Rendered shared/_main_content.html.erb (0.3ms)
  Rendered static_pages/index.html.erb within layouts/application (18.1ms)
Completed 200 OK in 55ms (Views: 51.5ms | ActiveRecord: 0.0ms)


Started GET "/" for 127.0.0.1 at 2020-09-11 10:21:15 -0700
Processing by StaticPagesController#index as HTML
  Rendering static_pages/index.html.erb within layouts/application
  Rendered shared/_main_nav.html.erb (0.6ms)
  Rendered shared/_masthead.html.erb (0.6ms)
  Rendered shared/_sections_nav.html.erb (0.5ms)
  Rendered shared/_search_modal.html.erb (0.6ms)
  Rendered shared/_main_content.html.erb (1.0ms)
  Rendered static_pages/index.html.erb within layouts/application (50.2ms)
Completed 200 OK in 172ms (Views: 166.3ms | ActiveRecord: 0.0ms)


Started GET "/" for 127.0.0.1 at 2020-09-11 10:21:27 -0700
Processing by StaticPagesController#index as HTML
  Rendering static_pages/index.html.erb within layouts/application
  Rendered shared/_main_nav.html.erb (0.8ms)
  Rendered shared/_masthead.html.erb (0.4ms)
  Rendered shared/_sections_nav.html.erb (0.4ms)
  Rendered shared/_search_modal.html.erb (0.5ms)
  Rendered shared/_main_content.html.erb (0.3ms)
  Rendered static_pages/index.html.erb within layouts/application (17.0ms)
Completed 200 OK in 121ms (Views: 118.6ms | ActiveRecord: 0.0ms)


Started GET "/assets/application.self-69393c82210dfe84294265d3154d7b3e9c6ce69606651cfb23e3c70102de883a.css?body=1" for 127.0.0.1 at 2020-09-11 10:21:28 -0700
Started GET "/" for ::1 at 2020-09-11 10:21:28 -0700
Processing by StaticPagesController#index as HTML
  Rendering static_pages/index.html.erb within layouts/application
  Rendered shared/_main_nav.html.erb (0.7ms)
  Rendered shared/_masthead.html.erb (1.2ms)
  Rendered shared/_sections_nav.html.erb (0.5ms)
  Rendered shared/_search_modal.html.erb (0.4ms)
  Rendered shared/_main_content.html.erb (0.5ms)
  Rendered static_pages/index.html.erb within layouts/application (38.8ms)
Completed 200 OK in 103ms (Views: 99.1ms | ActiveRecord: 0.0ms)


Started GET "/assets/application.self-69393c82210dfe84294265d3154d7b3e9c6ce69606651cfb23e3c70102de883a.css?body=1" for ::1 at 2020-09-11 10:21:28 -0700
Started GET "/users/new" for ::1 at 2020-09-11 10:21:37 -0700
  
ActionController::RoutingError (No route matches [GET] "/users/new"):
  
actionpack (5.0.7.2) lib/action_dispatch/middleware/debug_exceptions.rb:53:in `call'
web-console (3.7.0) lib/web_console/middleware.rb:135:in `call_app'
web-console (3.7.0) lib/web_console/middleware.rb:30:in `block in call'
web-console (3.7.0) lib/web_console/middleware.rb:20:in `catch'
web-console (3.7.0) lib/web_console/middleware.rb:20:in `call'
actionpack (5.0.7.2) lib/action_dispatch/middleware/show_exceptions.rb:31:in `call'
railties (5.0.7.2) lib/rails/rack/logger.rb:36:in `call_app'
railties (5.0.7.2) lib/rails/rack/logger.rb:24:in `block in call'
activesupport (5.0.7.2) lib/active_support/tagged_logging.rb:69:in `block in tagged'
activesupport (5.0.7.2) lib/active_support/tagged_logging.rb:26:in `tagged'
activesupport (5.0.7.2) lib/active_support/tagged_logging.rb:69:in `tagged'
railties (5.0.7.2) lib/rails/rack/logger.rb:24:in `call'
actionpack (5.0.7.2) lib/action_dispatch/middleware/request_id.rb:24:in `call'
rack (2.2.3) lib/rack/method_override.rb:24:in `call'
rack (2.2.3) lib/rack/runtime.rb:22:in `call'
activesupport (5.0.7.2) lib/active_support/cache/strategy/local_cache_middleware.rb:28:in `call'
actionpack (5.0.7.2) lib/action_dispatch/middleware/executor.rb:12:in `call'
rack-livereload (0.3.17) lib/rack/livereload.rb:23:in `_call'
rack-livereload (0.3.17) lib/rack/livereload.rb:14:in `call'
actionpack (5.0.7.2) lib/action_dispatch/middleware/static.rb:136:in `call'
rack (2.2.3) lib/rack/sendfile.rb:110:in `call'
railties (5.0.7.2) lib/rails/engine.rb:522:in `call'
puma (3.12.6) lib/puma/configuration.rb:227:in `call'
puma (3.12.6) lib/puma/server.rb:706:in `handle_request'
puma (3.12.6) lib/puma/server.rb:476:in `process_client'
puma (3.12.6) lib/puma/server.rb:334:in `block in run'
puma (3.12.6) lib/puma/thread_pool.rb:135:in `block in spawn_thread'
  Rendering /Users/dillon/.rbenv/versions/2.5.1/lib/ruby/gems/2.5.0/gems/actionpack-5.0.7.2/lib/action_dispatch/middleware/templates/rescues/routing_error.html.erb within rescues/layout
  Rendering /Users/dillon/.rbenv/versions/2.5.1/lib/ruby/gems/2.5.0/gems/actionpack-5.0.7.2/lib/action_dispatch/middleware/templates/rescues/_trace.html.erb
  Rendered /Users/dillon/.rbenv/versions/2.5.1/lib/ruby/gems/2.5.0/gems/actionpack-5.0.7.2/lib/action_dispatch/middleware/templates/rescues/_trace.html.erb (2.7ms)
  Rendered collection of /Users/dillon/.rbenv/versions/2.5.1/lib/ruby/gems/2.5.0/gems/actionpack-5.0.7.2/lib/action_dispatch/middleware/templates/routes/_route.html.erb [1 times] (17.8ms)
  Rendered /Users/dillon/.rbenv/versions/2.5.1/lib/ruby/gems/2.5.0/gems/actionpack-5.0.7.2/lib/action_dispatch/middleware/templates/routes/_table.html.erb (98.6ms)
  Rendering /Users/dillon/.rbenv/versions/2.5.1/lib/ruby/gems/2.5.0/gems/actionpack-5.0.7.2/lib/action_dispatch/middleware/templates/rescues/_request_and_response.html.erb
  Rendered /Users/dillon/.rbenv/versions/2.5.1/lib/ruby/gems/2.5.0/gems/actionpack-5.0.7.2/lib/action_dispatch/middleware/templates/rescues/_request_and_response.html.erb (3.1ms)
  Rendered /Users/dillon/.rbenv/versions/2.5.1/lib/ruby/gems/2.5.0/gems/actionpack-5.0.7.2/lib/action_dispatch/middleware/templates/rescues/routing_error.html.erb within rescues/layout (642.6ms)
Started GET "/" for ::1 at 2020-09-11 10:21:48 -0700
Processing by StaticPagesController#index as HTML
  Rendering static_pages/index.html.erb within layouts/application
  Rendered shared/_main_nav.html.erb (1.0ms)
  Rendered shared/_masthead.html.erb (0.4ms)
  Rendered shared/_sections_nav.html.erb (1.0ms)
  Rendered shared/_search_modal.html.erb (0.6ms)
  Rendered shared/_main_content.html.erb (0.8ms)
  Rendered static_pages/index.html.erb within layouts/application (45.3ms)
Completed 200 OK in 401ms (Views: 395.8ms | ActiveRecord: 0.0ms)


Started GET "/assets/application.self-e6c4e015b28d44833c5deb50f3c732a5f64a2e89195cacc436c7bf34487fc213.css?body=1" for ::1 at 2020-09-11 10:21:48 -0700
Started GET "/" for 127.0.0.1 at 2020-09-11 10:21:49 -0700
Processing by StaticPagesController#index as HTML
  Rendering static_pages/index.html.erb within layouts/application
  Rendered shared/_main_nav.html.erb (1.1ms)
  Rendered shared/_masthead.html.erb (0.7ms)
  Rendered shared/_sections_nav.html.erb (0.4ms)
  Rendered shared/_search_modal.html.erb (0.5ms)
  Rendered shared/_main_content.html.erb (0.5ms)
  Rendered static_pages/index.html.erb within layouts/application (33.7ms)
Completed 200 OK in 97ms (Views: 93.0ms | ActiveRecord: 0.0ms)


Started GET "/assets/application.self-e6c4e015b28d44833c5deb50f3c732a5f64a2e89195cacc436c7bf34487fc213.css?body=1" for 127.0.0.1 at 2020-09-11 10:21:49 -0700
Started GET "/" for 127.0.0.1 at 2020-09-11 10:22:12 -0700
Processing by StaticPagesController#index as HTML
  Rendering static_pages/index.html.erb within layouts/application
  Rendered shared/_main_nav.html.erb (1.0ms)
  Rendered shared/_masthead.html.erb (0.6ms)
  Rendered shared/_sections_nav.html.erb (7.7ms)
  Rendered shared/_search_modal.html.erb (0.6ms)
  Rendered shared/_main_content.html.erb (0.5ms)
  Rendered static_pages/index.html.erb within layouts/application (64.9ms)
Started GET "/" for ::1 at 2020-09-11 10:22:13 -0700
Processing by StaticPagesController#index as HTML
  Rendering static_pages/index.html.erb within layouts/application
  Rendered shared/_main_nav.html.erb (0.5ms)
  Rendered shared/_masthead.html.erb (0.6ms)
  Rendered shared/_sections_nav.html.erb (0.5ms)
  Rendered shared/_search_modal.html.erb (0.4ms)
  Rendered shared/_main_content.html.erb (0.8ms)
  Rendered static_pages/index.html.erb within layouts/application (50.1ms)
Completed 200 OK in 1044ms (Views: 1040.2ms | ActiveRecord: 0.0ms)


Completed 200 OK in 377ms (Views: 372.8ms | ActiveRecord: 0.0ms)


Started GET "/assets/application.self-cc2c02ec93dde6c559ee7b0258c3317ff72981c03880d08d61079d76df733a6a.css?body=1" for ::1 at 2020-09-11 10:22:13 -0700
Started GET "/assets/application.self-cc2c02ec93dde6c559ee7b0258c3317ff72981c03880d08d61079d76df733a6a.css?body=1" for 127.0.0.1 at 2020-09-11 10:22:14 -0700
Started GET "/" for 127.0.0.1 at 2020-09-11 10:22:16 -0700
Processing by StaticPagesController#index as HTML
  Rendering static_pages/index.html.erb within layouts/application
  Rendered shared/_main_nav.html.erb (1.5ms)
  Rendered shared/_masthead.html.erb (0.3ms)
  Rendered shared/_sections_nav.html.erb (0.5ms)
  Rendered shared/_search_modal.html.erb (2.7ms)
  Rendered shared/_main_content.html.erb (0.7ms)
  Rendered static_pages/index.html.erb within layouts/application (57.6ms)
Completed 200 OK in 166ms (Views: 162.2ms | ActiveRecord: 0.0ms)


Started GET "/" for ::1 at 2020-09-11 10:23:38 -0700
Processing by StaticPagesController#index as HTML
  Rendering static_pages/index.html.erb within layouts/application
  Rendered shared/_main_nav.html.erb (0.9ms)
  Rendered shared/_masthead.html.erb (0.5ms)
  Rendered shared/_sections_nav.html.erb (0.6ms)
  Rendered shared/_search_modal.html.erb (0.7ms)
  Rendered shared/_main_content.html.erb (0.5ms)
  Rendered static_pages/index.html.erb within layouts/application (30.4ms)
Completed 200 OK in 292ms (Views: 289.0ms | ActiveRecord: 0.0ms)


Started GET "/assets/application.self-25280e2b9d5e959606939a7779c32af9d33139d7042f94713a87ba77f80a1306.css?body=1" for ::1 at 2020-09-11 10:23:38 -0700
Started GET "/" for 127.0.0.1 at 2020-09-11 10:23:39 -0700
Processing by StaticPagesController#index as HTML
  Rendering static_pages/index.html.erb within layouts/application
  Rendered shared/_main_nav.html.erb (2.3ms)
  Rendered shared/_masthead.html.erb (1.0ms)
  Rendered shared/_sections_nav.html.erb (0.3ms)
  Rendered shared/_search_modal.html.erb (0.2ms)
  Rendered shared/_main_content.html.erb (0.3ms)
  Rendered static_pages/index.html.erb within layouts/application (18.5ms)
Completed 200 OK in 92ms (Views: 83.9ms | ActiveRecord: 0.0ms)


Started GET "/assets/application.self-25280e2b9d5e959606939a7779c32af9d33139d7042f94713a87ba77f80a1306.css?body=1" for 127.0.0.1 at 2020-09-11 10:23:40 -0700
Started GET "/" for ::1 at 2020-09-11 10:24:07 -0700
Processing by StaticPagesController#index as HTML
  Rendering static_pages/index.html.erb within layouts/application
  Rendered shared/_main_nav.html.erb (0.7ms)
  Rendered shared/_masthead.html.erb (0.8ms)
  Rendered shared/_sections_nav.html.erb (0.3ms)
  Rendered shared/_search_modal.html.erb (0.4ms)
  Rendered shared/_main_content.html.erb (0.5ms)
  Rendered static_pages/index.html.erb within layouts/application (32.2ms)
Completed 200 OK in 265ms (Views: 261.9ms | ActiveRecord: 0.0ms)


Started GET "/assets/application.self-81c91eef9d49039c89f5d5fa17cfcf39fa9fa451a23bfac98cf11d10f0a355e2.css?body=1" for ::1 at 2020-09-11 10:24:08 -0700
Started GET "/" for 127.0.0.1 at 2020-09-11 10:24:08 -0700
Processing by StaticPagesController#index as HTML
  Rendering static_pages/index.html.erb within layouts/application
  Rendered shared/_main_nav.html.erb (0.4ms)
  Rendered shared/_masthead.html.erb (0.4ms)
  Rendered shared/_sections_nav.html.erb (0.4ms)
  Rendered shared/_search_modal.html.erb (0.6ms)
  Rendered shared/_main_content.html.erb (0.5ms)
  Rendered static_pages/index.html.erb within layouts/application (24.8ms)
Completed 200 OK in 66ms (Views: 63.1ms | ActiveRecord: 0.0ms)


Started GET "/assets/application.self-81c91eef9d49039c89f5d5fa17cfcf39fa9fa451a23bfac98cf11d10f0a355e2.css?body=1" for 127.0.0.1 at 2020-09-11 10:24:09 -0700
Started GET "/" for ::1 at 2020-09-11 10:24:25 -0700
Processing by StaticPagesController#index as HTML
  Rendering static_pages/index.html.erb within layouts/application
  Rendered shared/_main_nav.html.erb (1.3ms)
  Rendered shared/_masthead.html.erb (0.4ms)
  Rendered shared/_sections_nav.html.erb (0.9ms)
  Rendered shared/_search_modal.html.erb (0.7ms)
  Rendered shared/_main_content.html.erb (0.5ms)
  Rendered static_pages/index.html.erb within layouts/application (38.6ms)
Completed 200 OK in 511ms (Views: 506.7ms | ActiveRecord: 0.0ms)


Started GET "/assets/application.self-6cb85c5b3e516b57f1c024202b38518916c4cf4fcd63af928c4fba50536f5351.css?body=1" for ::1 at 2020-09-11 10:24:26 -0700
Started GET "/" for 127.0.0.1 at 2020-09-11 10:24:26 -0700
Processing by StaticPagesController#index as HTML
  Rendering static_pages/index.html.erb within layouts/application
  Rendered shared/_main_nav.html.erb (0.6ms)
  Rendered shared/_masthead.html.erb (0.6ms)
  Rendered shared/_sections_nav.html.erb (0.5ms)
  Rendered shared/_search_modal.html.erb (0.5ms)
  Rendered shared/_main_content.html.erb (0.7ms)
  Rendered static_pages/index.html.erb within layouts/application (26.5ms)
Completed 200 OK in 70ms (Views: 67.4ms | ActiveRecord: 0.0ms)


Started GET "/assets/application.self-6cb85c5b3e516b57f1c024202b38518916c4cf4fcd63af928c4fba50536f5351.css?body=1" for 127.0.0.1 at 2020-09-11 10:24:27 -0700
Started GET "/" for 127.0.0.1 at 2020-09-11 10:25:33 -0700
Processing by StaticPagesController#index as HTML
  Rendering static_pages/index.html.erb within layouts/application
  Rendered shared/_main_nav.html.erb (0.5ms)
  Rendered shared/_masthead.html.erb (3.0ms)
  Rendered shared/_sections_nav.html.erb (0.7ms)
  Rendered shared/_search_modal.html.erb (0.4ms)
  Rendered shared/_main_content.html.erb (0.6ms)
  Rendered static_pages/index.html.erb within layouts/application (31.4ms)
Completed 500 Internal Server Error in 103ms (ActiveRecord: 0.0ms)


DEPRECATION WARNING: #original_exception is deprecated. Use #cause instead. (called from initialize at /Users/dillon/.rbenv/versions/2.5.1/lib/ruby/gems/2.5.0/gems/better_errors-2.7.1/lib/better_errors/raised_exception.rb:7)
DEPRECATION WARNING: #original_exception is deprecated. Use #cause instead. (called from initialize at /Users/dillon/.rbenv/versions/2.5.1/lib/ruby/gems/2.5.0/gems/better_errors-2.7.1/lib/better_errors/raised_exception.rb:9)

Sass::SyntaxError - Invalid CSS after "     box-sizing": expected ";", was ": inherit;":
  app/views/layouts/application.html.erb:7:in `_app_views_layouts_application_html_erb__1049354021718429579_70318221109440'

Started GET "/" for ::1 at 2020-09-11 10:25:34 -0700
Processing by StaticPagesController#index as HTML
  Rendering static_pages/index.html.erb within layouts/application
  Rendered shared/_main_nav.html.erb (0.3ms)
  Rendered shared/_masthead.html.erb (0.8ms)
  Rendered shared/_sections_nav.html.erb (1.2ms)
  Rendered shared/_search_modal.html.erb (1.8ms)
  Rendered shared/_main_content.html.erb (0.5ms)
  Rendered static_pages/index.html.erb within layouts/application (40.3ms)
Completed 200 OK in 411ms (Views: 394.4ms | ActiveRecord: 0.0ms)


Started GET "/assets/application.self-ba49eb34ab814b1c1286eadca37769725979ae3dda74a7eaf9f10b4279ed029a.css?body=1" for ::1 at 2020-09-11 10:25:34 -0700
Started POST "/__better_errors/d8abaa6d0c2c225b/variables" for 127.0.0.1 at 2020-09-11 10:25:34 -0700
Started GET "/" for ::1 at 2020-09-11 10:25:55 -0700
Processing by StaticPagesController#index as HTML
  Rendering static_pages/index.html.erb within layouts/application
  Rendered shared/_main_nav.html.erb (2.5ms)
  Rendered shared/_masthead.html.erb (1.3ms)
  Rendered shared/_sections_nav.html.erb (1.3ms)
  Rendered shared/_search_modal.html.erb (0.4ms)
  Rendered shared/_main_content.html.erb (0.7ms)
  Rendered static_pages/index.html.erb within layouts/application (35.8ms)
Completed 200 OK in 497ms (Views: 491.8ms | ActiveRecord: 0.0ms)


Started GET "/assets/application.self-de846b54143792b9fd38446d6d81855227ecc8fe53a7ac56182c924e57753b4f.css?body=1" for ::1 at 2020-09-11 10:25:55 -0700
Started GET "/" for 127.0.0.1 at 2020-09-11 10:25:56 -0700
Processing by StaticPagesController#index as HTML
  Rendering static_pages/index.html.erb within layouts/application
  Rendered shared/_main_nav.html.erb (0.3ms)
  Rendered shared/_masthead.html.erb (0.4ms)
  Rendered shared/_sections_nav.html.erb (0.4ms)
  Rendered shared/_search_modal.html.erb (0.4ms)
  Rendered shared/_main_content.html.erb (0.5ms)
  Rendered static_pages/index.html.erb within layouts/application (20.0ms)
Completed 200 OK in 42ms (Views: 38.8ms | ActiveRecord: 0.0ms)


Started GET "/assets/application.self-de846b54143792b9fd38446d6d81855227ecc8fe53a7ac56182c924e57753b4f.css?body=1" for 127.0.0.1 at 2020-09-11 10:25:57 -0700
Started GET "/" for 127.0.0.1 at 2020-09-11 10:26:26 -0700
Processing by StaticPagesController#index as HTML
  Rendering static_pages/index.html.erb within layouts/application
  Rendered shared/_main_nav.html.erb (0.2ms)
  Rendered shared/_masthead.html.erb (0.4ms)
  Rendered shared/_sections_nav.html.erb (0.3ms)
  Rendered shared/_search_modal.html.erb (0.6ms)
  Rendered shared/_main_content.html.erb (0.8ms)
  Rendered static_pages/index.html.erb within layouts/application (19.7ms)
Completed 200 OK in 681ms (Views: 678.2ms | ActiveRecord: 0.0ms)


Started GET "/" for ::1 at 2020-09-11 10:26:28 -0700
Processing by StaticPagesController#index as HTML
Started GET "/assets/application.self-11382e9d07f188af6875926f22926b81996050b3d0807f7746b8253fdcd0fe39.css?body=1" for 127.0.0.1 at 2020-09-11 10:26:28 -0700
  Rendering static_pages/index.html.erb within layouts/application
  Rendered shared/_main_nav.html.erb (0.6ms)
  Rendered shared/_masthead.html.erb (0.8ms)
  Rendered shared/_sections_nav.html.erb (1.4ms)
  Rendered shared/_search_modal.html.erb (3.0ms)
  Rendered shared/_main_content.html.erb (0.5ms)
  Rendered static_pages/index.html.erb within layouts/application (64.8ms)
Completed 200 OK in 205ms (Views: 200.2ms | ActiveRecord: 0.0ms)


Started GET "/assets/application.self-11382e9d07f188af6875926f22926b81996050b3d0807f7746b8253fdcd0fe39.css?body=1" for ::1 at 2020-09-11 10:26:28 -0700
Started GET "/" for 127.0.0.1 at 2020-09-11 10:26:29 -0700
Processing by StaticPagesController#index as HTML
  Rendering static_pages/index.html.erb within layouts/application
  Rendered shared/_main_nav.html.erb (1.4ms)
  Rendered shared/_masthead.html.erb (0.3ms)
  Rendered shared/_sections_nav.html.erb (0.3ms)
  Rendered shared/_search_modal.html.erb (0.5ms)
  Rendered shared/_main_content.html.erb (1.3ms)
  Rendered static_pages/index.html.erb within layouts/application (24.2ms)
Completed 200 OK in 73ms (Views: 65.7ms | ActiveRecord: 0.0ms)


Started GET "/" for 127.0.0.1 at 2020-09-11 10:27:02 -0700
Processing by StaticPagesController#index as HTML
  Rendering static_pages/index.html.erb within layouts/application
  Rendered shared/_main_nav.html.erb (0.8ms)
  Rendered shared/_masthead.html.erb (0.5ms)
  Rendered shared/_sections_nav.html.erb (0.8ms)
  Rendered shared/_search_modal.html.erb (3.0ms)
  Rendered shared/_main_content.html.erb (0.4ms)
  Rendered static_pages/index.html.erb within layouts/application (49.1ms)
Started GET "/" for ::1 at 2020-09-11 10:27:03 -0700
Processing by StaticPagesController#index as HTML
  Rendering static_pages/index.html.erb within layouts/application
  Rendered shared/_main_nav.html.erb (0.6ms)
  Rendered shared/_masthead.html.erb (0.7ms)
  Rendered shared/_sections_nav.html.erb (0.6ms)
  Rendered shared/_search_modal.html.erb (0.6ms)
  Rendered shared/_main_content.html.erb (2.1ms)
  Rendered static_pages/index.html.erb within layouts/application (30.2ms)
Completed 200 OK in 154ms (Views: 150.0ms | ActiveRecord: 0.0ms)


Started GET "/assets/application.self-4f1f9e7a4f3966030bd63ff4e42ac8ac45028ca23566d69c3b1f0bc0694d5059.css?body=1" for ::1 at 2020-09-11 10:27:03 -0700
Completed 200 OK in 600ms (Views: 594.6ms | ActiveRecord: 0.0ms)


Started GET "/assets/application.self-4f1f9e7a4f3966030bd63ff4e42ac8ac45028ca23566d69c3b1f0bc0694d5059.css?body=1" for 127.0.0.1 at 2020-09-11 10:27:03 -0700
Started GET "/" for 127.0.0.1 at 2020-09-11 10:27:05 -0700
Processing by StaticPagesController#index as HTML
  Rendering static_pages/index.html.erb within layouts/application
  Rendered shared/_main_nav.html.erb (0.2ms)
  Rendered shared/_masthead.html.erb (0.6ms)
  Rendered shared/_sections_nav.html.erb (0.5ms)
  Rendered shared/_search_modal.html.erb (0.6ms)
  Rendered shared/_main_content.html.erb (0.4ms)
  Rendered static_pages/index.html.erb within layouts/application (18.9ms)
Completed 200 OK in 52ms (Views: 45.5ms | ActiveRecord: 0.0ms)


Started GET "/" for 127.0.0.1 at 2020-09-11 10:28:57 -0700
Processing by StaticPagesController#index as HTML
  Rendering static_pages/index.html.erb within layouts/application
  Rendered shared/_main_nav.html.erb (0.7ms)
  Rendered shared/_masthead.html.erb (0.3ms)
  Rendered shared/_sections_nav.html.erb (10.2ms)
  Rendered shared/_search_modal.html.erb (0.6ms)
  Rendered shared/_main_content.html.erb (0.3ms)
  Rendered static_pages/index.html.erb within layouts/application (51.9ms)
Completed 200 OK in 242ms (Views: 235.7ms | ActiveRecord: 0.0ms)


Started GET "/assets/application.self-3bc954f525197cad913b9cb2c5dafe1a039fa894d7f3611df2cb383007559f92.css?body=1" for 127.0.0.1 at 2020-09-11 10:28:57 -0700
Started GET "/" for ::1 at 2020-09-11 10:29:05 -0700
Processing by StaticPagesController#index as HTML
  Rendering static_pages/index.html.erb within layouts/application
  Rendered shared/_main_nav.html.erb (1.4ms)
  Rendered shared/_masthead.html.erb (0.7ms)
  Rendered shared/_sections_nav.html.erb (0.7ms)
  Rendered shared/_search_modal.html.erb (1.0ms)
  Rendered shared/_main_content.html.erb (1.0ms)
  Rendered static_pages/index.html.erb within layouts/application (35.2ms)
Completed 200 OK in 85ms (Views: 80.4ms | ActiveRecord: 0.0ms)


Started GET "/assets/application.self-3bc954f525197cad913b9cb2c5dafe1a039fa894d7f3611df2cb383007559f92.css?body=1" for ::1 at 2020-09-11 10:29:05 -0700
Started GET "/" for 127.0.0.1 at 2020-09-11 10:29:05 -0700
Processing by StaticPagesController#index as HTML
  Rendering static_pages/index.html.erb within layouts/application
  Rendered shared/_main_nav.html.erb (0.3ms)
  Rendered shared/_masthead.html.erb (0.7ms)
  Rendered shared/_sections_nav.html.erb (0.4ms)
  Rendered shared/_search_modal.html.erb (0.4ms)
  Rendered shared/_main_content.html.erb (0.2ms)
  Rendered static_pages/index.html.erb within layouts/application (13.4ms)
Completed 200 OK in 40ms (Views: 38.4ms | ActiveRecord: 0.0ms)


Started GET "/" for 127.0.0.1 at 2020-09-11 10:29:06 -0700
Processing by StaticPagesController#index as HTML
  Rendering static_pages/index.html.erb within layouts/application
  Rendered shared/_main_nav.html.erb (0.5ms)
  Rendered shared/_masthead.html.erb (0.3ms)
  Rendered shared/_sections_nav.html.erb (0.7ms)
  Rendered shared/_search_modal.html.erb (0.3ms)
  Rendered shared/_main_content.html.erb (1.6ms)
  Rendered static_pages/index.html.erb within layouts/application (15.1ms)
Completed 200 OK in 42ms (Views: 36.5ms | ActiveRecord: 0.0ms)


Started GET "/" for 127.0.0.1 at 2020-09-11 10:29:14 -0700
Processing by StaticPagesController#index as HTML
  Rendering static_pages/index.html.erb within layouts/application
  Rendered shared/_main_nav.html.erb (16.2ms)
  Rendered shared/_masthead.html.erb (0.4ms)
  Rendered shared/_sections_nav.html.erb (0.4ms)
  Rendered shared/_search_modal.html.erb (0.4ms)
  Rendered shared/_main_content.html.erb (0.6ms)
  Rendered static_pages/index.html.erb within layouts/application (56.0ms)
Completed 200 OK in 631ms (Views: 625.4ms | ActiveRecord: 0.0ms)


Started GET "/assets/application.self-c0aa10dc823bb72429350cfc03cd88098a38411360f069f2dcadc9fd9ea0217c.css?body=1" for 127.0.0.1 at 2020-09-11 10:29:15 -0700
Started GET "/" for 127.0.0.1 at 2020-09-11 10:29:16 -0700
Processing by StaticPagesController#index as HTML
  Rendering static_pages/index.html.erb within layouts/application
  Rendered shared/_main_nav.html.erb (11.2ms)
  Rendered shared/_masthead.html.erb (0.5ms)
  Rendered shared/_sections_nav.html.erb (0.5ms)
  Rendered shared/_search_modal.html.erb (0.5ms)
  Rendered shared/_main_content.html.erb (59.3ms)
  Rendered static_pages/index.html.erb within layouts/application (121.6ms)
Started GET "/" for 127.0.0.1 at 2020-09-11 10:29:16 -0700
Processing by StaticPagesController#index as HTML
  Rendering static_pages/index.html.erb within layouts/application
  Rendered shared/_main_nav.html.erb (0.7ms)
  Rendered shared/_masthead.html.erb (0.4ms)
  Rendered shared/_sections_nav.html.erb (0.5ms)
  Rendered shared/_search_modal.html.erb (0.5ms)
Completed 200 OK in 366ms (Views: 358.5ms | ActiveRecord: 0.0ms)


  Rendered shared/_main_content.html.erb (0.4ms)
  Rendered static_pages/index.html.erb within layouts/application (126.6ms)
Started GET "/" for 127.0.0.1 at 2020-09-11 10:29:16 -0700
Processing by StaticPagesController#index as HTML
  Rendering static_pages/index.html.erb within layouts/application
  Rendered shared/_main_nav.html.erb (0.9ms)
  Rendered shared/_masthead.html.erb (0.5ms)
  Rendered shared/_sections_nav.html.erb (1.1ms)
  Rendered shared/_search_modal.html.erb (0.5ms)
  Rendered shared/_main_content.html.erb (0.6ms)
  Rendered static_pages/index.html.erb within layouts/application (64.0ms)
Completed 200 OK in 407ms (Views: 400.2ms | ActiveRecord: 0.0ms)


Completed 200 OK in 222ms (Views: 213.7ms | ActiveRecord: 0.0ms)


Started GET "/" for ::1 at 2020-09-11 10:29:17 -0700
Processing by StaticPagesController#index as HTML
  Rendering static_pages/index.html.erb within layouts/application
  Rendered shared/_main_nav.html.erb (0.8ms)
  Rendered shared/_masthead.html.erb (0.7ms)
  Rendered shared/_sections_nav.html.erb (1.5ms)
  Rendered shared/_search_modal.html.erb (0.9ms)
  Rendered shared/_main_content.html.erb (0.5ms)
  Rendered static_pages/index.html.erb within layouts/application (39.4ms)
Completed 200 OK in 100ms (Views: 95.9ms | ActiveRecord: 0.0ms)


Started GET "/assets/application.self-c0aa10dc823bb72429350cfc03cd88098a38411360f069f2dcadc9fd9ea0217c.css?body=1" for ::1 at 2020-09-11 10:29:17 -0700
Started GET "/" for ::1 at 2020-09-11 10:29:18 -0700
Processing by StaticPagesController#index as HTML
  Rendering static_pages/index.html.erb within layouts/application
  Rendered shared/_main_nav.html.erb (0.7ms)
  Rendered shared/_masthead.html.erb (1.8ms)
  Rendered shared/_sections_nav.html.erb (0.8ms)
  Rendered shared/_search_modal.html.erb (0.5ms)
  Rendered shared/_main_content.html.erb (3.4ms)
  Rendered static_pages/index.html.erb within layouts/application (53.7ms)
Completed 200 OK in 133ms (Views: 129.1ms | ActiveRecord: 0.0ms)


Started GET "/" for ::1 at 2020-09-11 10:29:48 -0700
Processing by StaticPagesController#index as HTML
  Rendering static_pages/index.html.erb within layouts/application
  Rendered shared/_main_nav.html.erb (0.4ms)
  Rendered shared/_masthead.html.erb (0.3ms)
  Rendered shared/_sections_nav.html.erb (0.4ms)
  Rendered shared/_search_modal.html.erb (0.5ms)
  Rendered shared/_main_content.html.erb (0.5ms)
  Rendered static_pages/index.html.erb within layouts/application (30.8ms)
Completed 200 OK in 254ms (Views: 248.0ms | ActiveRecord: 0.0ms)


Started GET "/assets/application.self-e8998a5ecf89811d31c23706c7bdc5a0987ae793b71a0f0e85363b6cc96e07b9.css?body=1" for ::1 at 2020-09-11 10:29:48 -0700
Started GET "/assets/AA_Times_Logo.png" for ::1 at 2020-09-11 10:29:48 -0700
Started GET "/" for 127.0.0.1 at 2020-09-11 10:29:50 -0700
Processing by StaticPagesController#index as HTML
  Rendering static_pages/index.html.erb within layouts/application
  Rendered shared/_main_nav.html.erb (0.3ms)
  Rendered shared/_masthead.html.erb (0.4ms)
  Rendered shared/_sections_nav.html.erb (0.5ms)
  Rendered shared/_search_modal.html.erb (1.0ms)
  Rendered shared/_main_content.html.erb (0.5ms)
  Rendered static_pages/index.html.erb within layouts/application (27.9ms)
Completed 200 OK in 66ms (Views: 64.5ms | ActiveRecord: 0.0ms)


Started GET "/assets/application.self-e8998a5ecf89811d31c23706c7bdc5a0987ae793b71a0f0e85363b6cc96e07b9.css?body=1" for 127.0.0.1 at 2020-09-11 10:29:50 -0700
Started GET "/assets/AA_Times_Logo.png" for 127.0.0.1 at 2020-09-11 10:29:50 -0700
Started GET "/" for ::1 at 2020-09-11 10:30:40 -0700
Processing by StaticPagesController#index as HTML
  Rendering static_pages/index.html.erb within layouts/application
  Rendered shared/_main_nav.html.erb (0.4ms)
  Rendered shared/_masthead.html.erb (0.4ms)
  Rendered shared/_sections_nav.html.erb (0.7ms)
  Rendered shared/_search_modal.html.erb (0.9ms)
  Rendered shared/_main_content.html.erb (0.5ms)
  Rendered static_pages/index.html.erb within layouts/application (25.3ms)
Completed 200 OK in 85ms (Views: 79.3ms | ActiveRecord: 0.0ms)


Started GET "/assets/AA_Times_Logo.png" for ::1 at 2020-09-11 10:30:40 -0700
Started GET "/" for 127.0.0.1 at 2020-09-11 10:30:44 -0700
Processing by StaticPagesController#index as HTML
  Rendering static_pages/index.html.erb within layouts/application
  Rendered shared/_main_nav.html.erb (0.6ms)
  Rendered shared/_masthead.html.erb (6.4ms)
  Rendered shared/_sections_nav.html.erb (0.3ms)
  Rendered shared/_search_modal.html.erb (0.5ms)
  Rendered shared/_main_content.html.erb (0.4ms)
  Rendered static_pages/index.html.erb within layouts/application (32.3ms)
Completed 200 OK in 604ms (Views: 598.7ms | ActiveRecord: 0.0ms)


Started GET "/assets/application.self-ca0d028c7797d82885e443ac0bb63ba59a3564cafa3a644ef37071e4541be8bb.css?body=1" for 127.0.0.1 at 2020-09-11 10:30:46 -0700
Started GET "/" for ::1 at 2020-09-11 10:30:49 -0700
Processing by StaticPagesController#index as HTML
  Rendering static_pages/index.html.erb within layouts/application
  Rendered shared/_main_nav.html.erb (0.5ms)
  Rendered shared/_masthead.html.erb (0.6ms)
  Rendered shared/_sections_nav.html.erb (0.8ms)
  Rendered shared/_search_modal.html.erb (2.2ms)
  Rendered shared/_main_content.html.erb (0.5ms)
  Rendered static_pages/index.html.erb within layouts/application (40.5ms)
Completed 200 OK in 127ms (Views: 120.4ms | ActiveRecord: 0.0ms)


Started GET "/assets/application.self-ca0d028c7797d82885e443ac0bb63ba59a3564cafa3a644ef37071e4541be8bb.css?body=1" for ::1 at 2020-09-11 10:30:49 -0700
Started GET "/" for ::1 at 2020-09-11 10:33:20 -0700
Processing by StaticPagesController#index as HTML
  Rendering static_pages/index.html.erb within layouts/application
  Rendered shared/_main_nav.html.erb (0.4ms)
  Rendered shared/_masthead.html.erb (0.5ms)
  Rendered shared/_sections_nav.html.erb (0.4ms)
  Rendered shared/_search_modal.html.erb (0.3ms)
  Rendered shared/_main_content.html.erb (0.5ms)
  Rendered static_pages/index.html.erb within layouts/application (29.1ms)
Completed 200 OK in 250ms (Views: 246.3ms | ActiveRecord: 0.0ms)


Started GET "/assets/application.self-3860e26d1107bc6aca58d480ecd94ca65499b06bd421bf8fbefd03d42cda64c0.css?body=1" for ::1 at 2020-09-11 10:33:20 -0700
Started GET "/" for 127.0.0.1 at 2020-09-11 10:33:22 -0700
Processing by StaticPagesController#index as HTML
  Rendering static_pages/index.html.erb within layouts/application
  Rendered shared/_main_nav.html.erb (0.4ms)
  Rendered shared/_masthead.html.erb (0.3ms)
  Rendered shared/_sections_nav.html.erb (0.2ms)
  Rendered shared/_search_modal.html.erb (0.3ms)
  Rendered shared/_main_content.html.erb (0.4ms)
  Rendered static_pages/index.html.erb within layouts/application (14.2ms)
Completed 200 OK in 39ms (Views: 35.6ms | ActiveRecord: 0.0ms)


Started GET "/assets/application.self-3860e26d1107bc6aca58d480ecd94ca65499b06bd421bf8fbefd03d42cda64c0.css?body=1" for 127.0.0.1 at 2020-09-11 10:33:22 -0700
Started GET "/" for ::1 at 2020-09-11 10:41:23 -0700
Processing by StaticPagesController#index as HTML
  Rendering static_pages/index.html.erb within layouts/application
  Rendered shared/_main_nav.html.erb (1.4ms)
  Rendered shared/_masthead.html.erb (0.4ms)
  Rendered shared/_sections_nav.html.erb (1.6ms)
  Rendered shared/_search_modal.html.erb (0.4ms)
  Rendered shared/_main_content.html.erb (0.4ms)
  Rendered static_pages/index.html.erb within layouts/application (34.2ms)
Completed 200 OK in 133ms (Views: 123.7ms | ActiveRecord: 0.0ms)


Started GET "/" for 127.0.0.1 at 2020-09-11 10:47:42 -0700
Processing by StaticPagesController#index as HTML
  Rendering static_pages/index.html.erb within layouts/application
  Rendered shared/_main_nav.html.erb (0.6ms)
  Rendered shared/_masthead.html.erb (0.4ms)
  Rendered shared/_sections_nav.html.erb (0.7ms)
  Rendered shared/_search_modal.html.erb (13.1ms)
  Rendered shared/_main_content.html.erb (0.6ms)
  Rendered static_pages/index.html.erb within layouts/application (136.5ms)
Completed 200 OK in 288ms (Views: 284.5ms | ActiveRecord: 0.0ms)


Started GET "/" for 127.0.0.1 at 2020-09-11 10:48:13 -0700
Processing by StaticPagesController#index as HTML
  Rendering static_pages/index.html.erb within layouts/application
  Rendered shared/_main_nav.html.erb (0.3ms)
  Rendered shared/_masthead.html.erb (0.2ms)
  Rendered shared/_sections_nav.html.erb (0.3ms)
  Rendered shared/_search_modal.html.erb (0.3ms)
  Rendered shared/_main_content.html.erb (0.3ms)
  Rendered static_pages/index.html.erb within layouts/application (11.9ms)
Completed 200 OK in 36ms (Views: 33.6ms | ActiveRecord: 0.0ms)


Started GET "/" for 127.0.0.1 at 2020-09-11 10:50:15 -0700
Processing by StaticPagesController#index as HTML
  Rendering static_pages/index.html.erb within layouts/application
  Rendered shared/_main_nav.html.erb (1.4ms)
  Rendered shared/_masthead.html.erb (1.7ms)
  Rendered shared/_sections_nav.html.erb (0.5ms)
  Rendered shared/_search_modal.html.erb (2.6ms)
  Rendered shared/_main_content.html.erb (0.4ms)
  Rendered static_pages/index.html.erb within layouts/application (29.2ms)
Completed 200 OK in 99ms (Views: 94.5ms | ActiveRecord: 0.0ms)


Started GET "/" for 127.0.0.1 at 2020-09-11 10:52:22 -0700
Processing by StaticPagesController#index as HTML
  Rendering static_pages/index.html.erb within layouts/application
  Rendered shared/_main_nav.html.erb (0.3ms)
  Rendered shared/_masthead.html.erb (0.4ms)
  Rendered shared/_sections_nav.html.erb (0.5ms)
  Rendered shared/_search_modal.html.erb (0.9ms)
  Rendered shared/_main_content.html.erb (1.5ms)
  Rendered static_pages/index.html.erb within layouts/application (25.3ms)
Completed 200 OK in 81ms (Views: 77.5ms | ActiveRecord: 0.0ms)


Started GET "/" for 127.0.0.1 at 2020-09-11 10:57:29 -0700
Processing by StaticPagesController#index as HTML
  Rendering static_pages/index.html.erb within layouts/application
  Rendered shared/_main_nav.html.erb (0.6ms)
  Rendered shared/_masthead.html.erb (1.2ms)
  Rendered shared/_sections_nav.html.erb (0.4ms)
  Rendered shared/_search_modal.html.erb (0.5ms)
  Rendered shared/_main_content.html.erb (1.5ms)
  Rendered static_pages/index.html.erb within layouts/application (42.0ms)
Completed 200 OK in 629ms (Views: 621.4ms | ActiveRecord: 0.0ms)


Started GET "/assets/application.self-cd31602c44b100fa80208b19918cc274cdf67fdc98d830d87360a187d6a66015.css?body=1" for 127.0.0.1 at 2020-09-11 10:57:30 -0700
Started GET "/" for ::1 at 2020-09-11 10:59:36 -0700
Processing by StaticPagesController#index as HTML
  Rendering static_pages/index.html.erb within layouts/application
  Rendered shared/_main_nav.html.erb (0.3ms)
  Rendered shared/_masthead.html.erb (1.0ms)
  Rendered shared/_sections_nav.html.erb (7.3ms)
  Rendered shared/_search_modal.html.erb (0.6ms)
  Rendered shared/_main_content.html.erb (0.5ms)
  Rendered static_pages/index.html.erb within layouts/application (78.0ms)
Completed 200 OK in 409ms (Views: 405.2ms | ActiveRecord: 0.0ms)


Started GET "/assets/application.self-f424973b69dd2cda118ee253f46f4a4b90bf1988c2b1d57d25068c248c813a18.css?body=1" for ::1 at 2020-09-11 10:59:36 -0700
Started GET "/" for 127.0.0.1 at 2020-09-11 11:01:38 -0700
Processing by StaticPagesController#index as HTML
  Rendering static_pages/index.html.erb within layouts/application
  Rendered shared/_main_nav.html.erb (0.4ms)
  Rendered shared/_masthead.html.erb (0.7ms)
  Rendered shared/_sections_nav.html.erb (0.8ms)
  Rendered shared/_search_modal.html.erb (6.6ms)
  Rendered shared/_main_content.html.erb (0.7ms)
  Rendered static_pages/index.html.erb within layouts/application (50.9ms)
Completed 200 OK in 215ms (Views: 212.1ms | ActiveRecord: 0.0ms)


Started GET "/assets/application.self-d3bfdd3571765da0f03895813e0f61c2dbdec03be5553e308d5b480f64a168ef.css?body=1" for 127.0.0.1 at 2020-09-11 11:01:39 -0700
Started GET "/" for 127.0.0.1 at 2020-09-11 11:03:47 -0700
Processing by StaticPagesController#index as HTML
  Rendering static_pages/index.html.erb within layouts/application
  Rendered shared/_main_nav.html.erb (0.3ms)
  Rendered shared/_masthead.html.erb (0.4ms)
  Rendered shared/_sections_nav.html.erb (0.4ms)
  Rendered shared/_search_modal.html.erb (0.7ms)
  Rendered shared/_main_content.html.erb (0.3ms)
  Rendered static_pages/index.html.erb within layouts/application (20.8ms)
Completed 200 OK in 141ms (Views: 138.2ms | ActiveRecord: 0.0ms)


Started GET "/assets/application.self-2f6ff6f58b4d0a7cbf9bde5d40fcbb1eb3bd70aa863565ba0ef7dce3c09af3e4.css?body=1" for 127.0.0.1 at 2020-09-11 11:03:48 -0700
Started GET "/" for 127.0.0.1 at 2020-09-11 11:03:50 -0700
Processing by StaticPagesController#index as HTML
  Rendering static_pages/index.html.erb within layouts/application
  Rendered shared/_main_nav.html.erb (0.5ms)
  Rendered shared/_masthead.html.erb (0.3ms)
  Rendered shared/_sections_nav.html.erb (0.3ms)
  Rendered shared/_search_modal.html.erb (0.5ms)
  Rendered shared/_main_content.html.erb (0.5ms)
  Rendered static_pages/index.html.erb within layouts/application (20.1ms)
Completed 200 OK in 67ms (Views: 63.1ms | ActiveRecord: 0.0ms)


Started GET "/" for 127.0.0.1 at 2020-09-11 11:05:51 -0700
Processing by StaticPagesController#index as HTML
  Rendering static_pages/index.html.erb within layouts/application
  Rendered shared/_main_nav.html.erb (0.6ms)
  Rendered shared/_masthead.html.erb (0.3ms)
  Rendered shared/_sections_nav.html.erb (1.4ms)
  Rendered shared/_search_modal.html.erb (1.5ms)
  Rendered shared/_main_content.html.erb (0.9ms)
  Rendered static_pages/index.html.erb within layouts/application (23.3ms)
Completed 200 OK in 159ms (Views: 154.4ms | ActiveRecord: 0.0ms)


Started GET "/assets/application.self-d2fb219637dbb94668a4b3208ee46311e843e9e77aa0497e5a0aee7ff9a4e6d6.css?body=1" for 127.0.0.1 at 2020-09-11 11:05:52 -0700
Started GET "/" for 127.0.0.1 at 2020-09-11 11:05:54 -0700
Processing by StaticPagesController#index as HTML
  Rendering static_pages/index.html.erb within layouts/application
  Rendered shared/_main_nav.html.erb (0.3ms)
  Rendered shared/_masthead.html.erb (0.3ms)
  Rendered shared/_sections_nav.html.erb (0.7ms)
  Rendered shared/_search_modal.html.erb (0.8ms)
  Rendered shared/_main_content.html.erb (0.3ms)
  Rendered static_pages/index.html.erb within layouts/application (22.3ms)
Completed 200 OK in 63ms (Views: 59.7ms | ActiveRecord: 0.0ms)


Started GET "/" for 127.0.0.1 at 2020-09-11 11:06:19 -0700
Processing by StaticPagesController#index as HTML
  Rendering static_pages/index.html.erb within layouts/application
  Rendered shared/_main_nav.html.erb (0.6ms)
  Rendered shared/_masthead.html.erb (0.3ms)
  Rendered shared/_sections_nav.html.erb (0.8ms)
  Rendered shared/_search_modal.html.erb (0.4ms)
  Rendered shared/_main_content.html.erb (0.4ms)
  Rendered static_pages/index.html.erb within layouts/application (24.0ms)
Completed 200 OK in 167ms (Views: 163.9ms | ActiveRecord: 0.0ms)


Started GET "/assets/application.self-b6100cf0378d08f323aff61afd6ef972ed599e0f2d15cd6463c2dfa963a53832.css?body=1" for 127.0.0.1 at 2020-09-11 11:06:20 -0700
Started GET "/" for 127.0.0.1 at 2020-09-11 11:06:45 -0700
Processing by StaticPagesController#index as HTML
  Rendering static_pages/index.html.erb within layouts/application
  Rendered shared/_main_nav.html.erb (0.3ms)
  Rendered shared/_masthead.html.erb (0.4ms)
  Rendered shared/_sections_nav.html.erb (0.4ms)
  Rendered shared/_search_modal.html.erb (1.5ms)
  Rendered shared/_main_content.html.erb (0.4ms)
  Rendered static_pages/index.html.erb within layouts/application (28.5ms)
Completed 200 OK in 161ms (Views: 156.6ms | ActiveRecord: 0.0ms)


Started GET "/assets/application.self-6a9097047a4ecdd72170c9ca9ba1d167bc71a4cc56867530cbc94a71a24453fe.css?body=1" for 127.0.0.1 at 2020-09-11 11:06:46 -0700
Started GET "/" for 127.0.0.1 at 2020-09-11 11:06:47 -0700
Processing by StaticPagesController#index as HTML
  Rendering static_pages/index.html.erb within layouts/application
  Rendered shared/_main_nav.html.erb (0.5ms)
  Rendered shared/_masthead.html.erb (0.4ms)
  Rendered shared/_sections_nav.html.erb (0.5ms)
  Rendered shared/_search_modal.html.erb (0.3ms)
  Rendered shared/_main_content.html.erb (0.3ms)
  Rendered static_pages/index.html.erb within layouts/application (22.1ms)
Completed 200 OK in 91ms (Views: 85.3ms | ActiveRecord: 0.0ms)


Started GET "/" for ::1 at 2020-09-11 11:11:49 -0700
Processing by StaticPagesController#index as HTML
  Rendering static_pages/index.html.erb within layouts/application
  Rendered shared/_main_nav.html.erb (0.8ms)
  Rendered shared/_masthead.html.erb (1.8ms)
  Rendered shared/_sections_nav.html.erb (1.0ms)
  Rendered shared/_search_modal.html.erb (4.8ms)
  Rendered shared/_main_content.html.erb (1.4ms)
  Rendered static_pages/index.html.erb within layouts/application (266.3ms)
Completed 200 OK in 2098ms (Views: 2088.2ms | ActiveRecord: 0.0ms)


Started GET "/assets/application.self-ec38d2684d0032bb607afcf2f561eaa0cb00feeb3b6a08255b11665cb2d367e4.css?body=1" for ::1 at 2020-09-11 11:11:51 -0700
Started GET "/" for ::1 at 2020-09-11 11:13:05 -0700
Processing by StaticPagesController#index as HTML
  Rendering static_pages/index.html.erb within layouts/application
  Rendered shared/_main_nav.html.erb (1.0ms)
  Rendered shared/_masthead.html.erb (0.8ms)
  Rendered shared/_sections_nav.html.erb (0.8ms)
  Rendered shared/_search_modal.html.erb (0.5ms)
  Rendered shared/_main_content.html.erb (0.7ms)
  Rendered static_pages/index.html.erb within layouts/application (51.8ms)
Completed 200 OK in 305ms (Views: 281.5ms | ActiveRecord: 0.0ms)


Started GET "/assets/application.self-7e72ca2cf828feccbf1534ad45440e7832d7bbe6659870c22f99a47ec103c3be.css?body=1" for ::1 at 2020-09-11 11:13:06 -0700
Started GET "/" for ::1 at 2020-09-11 11:13:08 -0700
Processing by StaticPagesController#index as HTML
  Rendering static_pages/index.html.erb within layouts/application
  Rendered shared/_main_nav.html.erb (0.6ms)
  Rendered shared/_masthead.html.erb (0.3ms)
  Rendered shared/_sections_nav.html.erb (0.2ms)
  Rendered shared/_search_modal.html.erb (0.3ms)
  Rendered shared/_main_content.html.erb (0.3ms)
  Rendered static_pages/index.html.erb within layouts/application (16.9ms)
Completed 200 OK in 64ms (Views: 56.2ms | ActiveRecord: 0.0ms)


Started GET "/" for 127.0.0.1 at 2020-09-11 11:13:10 -0700
Processing by StaticPagesController#index as HTML
  Rendering static_pages/index.html.erb within layouts/application
  Rendered shared/_main_nav.html.erb (0.3ms)
  Rendered shared/_masthead.html.erb (0.3ms)
  Rendered shared/_sections_nav.html.erb (0.2ms)
  Rendered shared/_search_modal.html.erb (0.3ms)
  Rendered shared/_main_content.html.erb (0.2ms)
  Rendered static_pages/index.html.erb within layouts/application (13.8ms)
Completed 200 OK in 39ms (Views: 35.0ms | ActiveRecord: 0.0ms)


Started GET "/assets/application.self-7e72ca2cf828feccbf1534ad45440e7832d7bbe6659870c22f99a47ec103c3be.css?body=1" for 127.0.0.1 at 2020-09-11 11:13:11 -0700
Started GET "/" for ::1 at 2020-09-11 11:13:15 -0700
Processing by StaticPagesController#index as HTML
  Rendering static_pages/index.html.erb within layouts/application
  Rendered shared/_main_nav.html.erb (0.6ms)
  Rendered shared/_masthead.html.erb (0.7ms)
  Rendered shared/_sections_nav.html.erb (1.9ms)
  Rendered shared/_search_modal.html.erb (0.4ms)
  Rendered shared/_main_content.html.erb (0.7ms)
  Rendered static_pages/index.html.erb within layouts/application (34.4ms)
Completed 200 OK in 98ms (Views: 91.8ms | ActiveRecord: 0.0ms)


Started GET "/" for 127.0.0.1 at 2020-09-11 11:13:20 -0700
Processing by StaticPagesController#index as HTML
  Rendering static_pages/index.html.erb within layouts/application
  Rendered shared/_main_nav.html.erb (0.3ms)
  Rendered shared/_masthead.html.erb (1.8ms)
  Rendered shared/_sections_nav.html.erb (0.4ms)
  Rendered shared/_search_modal.html.erb (0.3ms)
  Rendered shared/_main_content.html.erb (0.2ms)
  Rendered static_pages/index.html.erb within layouts/application (18.8ms)
Completed 200 OK in 41ms (Views: 37.2ms | ActiveRecord: 0.0ms)


