  [1m[35m (1548.7ms)[0m  [1m[35mCREATE DATABASE "catrentals_development" ENCODING = 'unicode'[0m
  ↳ bin/rails:4
  [1m[35m (1323.5ms)[0m  [1m[35mCREATE DATABASE "catrentals_test" ENCODING = 'unicode'[0m
  ↳ bin/rails:4
  [1m[35m (360.4ms)[0m  [1m[35mDROP DATABASE IF EXISTS "catrentals_development"[0m
  ↳ bin/rails:4
  [1m[35m (260.2ms)[0m  [1m[35mDROP DATABASE IF EXISTS "catrentals_test"[0m
  ↳ bin/rails:4
  [1m[35m (1302.8ms)[0m  [1m[35mCREATE DATABASE "catrentals_development" ENCODING = 'unicode'[0m
  ↳ bin/rails:4
  [1m[35m (1242.0ms)[0m  [1m[35mCREATE DATABASE "catrentals_test" ENCODING = 'unicode'[0m
  ↳ bin/rails:4
  [1m[35m (34.6ms)[0m  [1m[35mCREATE TABLE "schema_migrations" ("version" character varying NOT NULL PRIMARY KEY)[0m
  ↳ bin/rails:4
  [1m[35m (20.3ms)[0m  [1m[35mCREATE TABLE "ar_internal_metadata" ("key" character varying NOT NULL PRIMARY KEY, "value" character varying, "created_at" timestamp NOT NULL, "updated_at" timestamp NOT NULL)[0m
  ↳ bin/rails:4
  [1m[35m (1.3ms)[0m  [1m[34mSELECT pg_try_advisory_lock(1375421886314320530)[0m
  ↳ bin/rails:4
  [1m[35m (0.9ms)[0m  [1m[34mSELECT "schema_migrations"."version" FROM "schema_migrations" ORDER BY "schema_migrations"."version" ASC[0m
  ↳ bin/rails:4
Migrating to CreateCats (20200904210755)
  [1m[35m (0.5ms)[0m  [1m[35mBEGIN[0m
  ↳ bin/rails:4
  [1m[35m (25.9ms)[0m  [1m[35mCREATE TABLE "cats" ("id" bigserial primary key, "birth_date" date, "color" character varying, "name" character varying, "sex" character varying(1), "description" text, "created_at" timestamp NOT NULL, "updated_at" timestamp NOT NULL)[0m
  ↳ db/migrate/20200904210755_create_cats.rb:3
  [1m[36mActiveRecord::SchemaMigration Create (2.4ms)[0m  [1m[32mINSERT INTO "schema_migrations" ("version") VALUES ($1) RETURNING "version"[0m  [["version", "20200904210755"]]
  ↳ bin/rails:4
  [1m[35m (7.0ms)[0m  [1m[35mCOMMIT[0m
  ↳ bin/rails:4
  [1m[36mActiveRecord::InternalMetadata Load (1.2ms)[0m  [1m[34mSELECT  "ar_internal_metadata".* FROM "ar_internal_metadata" WHERE "ar_internal_metadata"."key" = $1 LIMIT $2[0m  [["key", "environment"], ["LIMIT", 1]]
  ↳ bin/rails:4
  [1m[35m (0.2ms)[0m  [1m[35mBEGIN[0m
  ↳ bin/rails:4
  [1m[36mActiveRecord::InternalMetadata Create (1.7ms)[0m  [1m[32mINSERT INTO "ar_internal_metadata" ("key", "value", "created_at", "updated_at") VALUES ($1, $2, $3, $4) RETURNING "key"[0m  [["key", "environment"], ["value", "development"], ["created_at", "2020-09-04 21:27:27.769989"], ["updated_at", "2020-09-04 21:27:27.769989"]]
  ↳ bin/rails:4
  [1m[35m (7.3ms)[0m  [1m[35mCOMMIT[0m
  ↳ bin/rails:4
  [1m[35m (0.5ms)[0m  [1m[34mSELECT pg_advisory_unlock(1375421886314320530)[0m
  ↳ bin/rails:4
  [1m[35m (2.7ms)[0m  [1m[34mSELECT "schema_migrations"."version" FROM "schema_migrations" ORDER BY "schema_migrations"."version" ASC[0m
  ↳ bin/rails:4
  [1m[35m (1.8ms)[0m  [1m[34mSELECT "schema_migrations"."version" FROM "schema_migrations" ORDER BY "schema_migrations"."version" ASC[0m
  ↳ bin/rails:4
  [1m[35m (0.4ms)[0m  [1m[34mSELECT pg_try_advisory_lock(1375421886314320530)[0m
  ↳ bin/rails:4
  [1m[35m (1.6ms)[0m  [1m[34mSELECT "schema_migrations"."version" FROM "schema_migrations" ORDER BY "schema_migrations"."version" ASC[0m
  ↳ bin/rails:4
  [1m[36mActiveRecord::InternalMetadata Load (0.9ms)[0m  [1m[34mSELECT  "ar_internal_metadata".* FROM "ar_internal_metadata" WHERE "ar_internal_metadata"."key" = $1 LIMIT $2[0m  [["key", "environment"], ["LIMIT", 1]]
  ↳ bin/rails:4
  [1m[35m (0.2ms)[0m  [1m[35mBEGIN[0m
  ↳ bin/rails:4
  [1m[35m (0.2ms)[0m  [1m[35mCOMMIT[0m
  ↳ bin/rails:4
  [1m[35m (0.3ms)[0m  [1m[34mSELECT pg_advisory_unlock(1375421886314320530)[0m
  ↳ bin/rails:4
  [1m[35m (0.6ms)[0m  [1m[34mSELECT "schema_migrations"."version" FROM "schema_migrations" ORDER BY "schema_migrations"."version" ASC[0m
  ↳ bin/rails:4
  [1m[35m (1.0ms)[0m  [1m[34mSELECT "schema_migrations"."version" FROM "schema_migrations" ORDER BY "schema_migrations"."version" ASC[0m
  ↳ bin/rails:4
Started GET "/" for ::1 at 2020-09-04 15:39:12 -0700
  [1m[35m (1.3ms)[0m  [1m[34mSELECT "schema_migrations"."version" FROM "schema_migrations" ORDER BY "schema_migrations"."version" ASC[0m
  ↳ /home/hgparker/.rbenv/versions/2.5.1/lib/ruby/gems/2.5.0/gems/activerecord-5.2.4.3/lib/active_record/log_subscriber.rb:98
Processing by Rails::WelcomeController#index as */*
  Rendering /home/hgparker/.rbenv/versions/2.5.1/lib/ruby/gems/2.5.0/gems/railties-5.2.4.3/lib/rails/templates/rails/welcome/index.html.erb
  Rendered /home/hgparker/.rbenv/versions/2.5.1/lib/ruby/gems/2.5.0/gems/railties-5.2.4.3/lib/rails/templates/rails/welcome/index.html.erb (8.5ms)
Completed 200 OK in 93ms (Views: 51.1ms | ActiveRecord: 0.0ms)


Started GET "/" for 127.0.0.1 at 2020-09-04 15:39:58 -0700
Processing by Rails::WelcomeController#index as */*
  Rendering /home/hgparker/.rbenv/versions/2.5.1/lib/ruby/gems/2.5.0/gems/railties-5.2.4.3/lib/rails/templates/rails/welcome/index.html.erb
  Rendered /home/hgparker/.rbenv/versions/2.5.1/lib/ruby/gems/2.5.0/gems/railties-5.2.4.3/lib/rails/templates/rails/welcome/index.html.erb (7.7ms)
Completed 200 OK in 60ms (Views: 35.6ms | ActiveRecord: 0.0ms)


Started GET "/cats" for ::1 at 2020-09-04 15:40:00 -0700
Processing by CatsController#index as */*
  Rendering text template
  Rendered text template (0.0ms)
Completed 200 OK in 5ms (Views: 4.1ms | ActiveRecord: 0.0ms)


Started GET "/" for 127.0.0.1 at 2020-09-04 15:40:39 -0700
Processing by Rails::WelcomeController#index as */*
  Rendering /home/hgparker/.rbenv/versions/2.5.1/lib/ruby/gems/2.5.0/gems/railties-5.2.4.3/lib/rails/templates/rails/welcome/index.html.erb
  Rendered /home/hgparker/.rbenv/versions/2.5.1/lib/ruby/gems/2.5.0/gems/railties-5.2.4.3/lib/rails/templates/rails/welcome/index.html.erb (4.2ms)
Completed 200 OK in 48ms (Views: 28.2ms | ActiveRecord: 0.0ms)


  [1m[36mCat Load (3.2ms)[0m  [1m[34mSELECT "cats".* FROM "cats"[0m
  [1m[35m (1.8ms)[0m  [1m[35mBEGIN[0m
  [1m[35m (11.3ms)[0m  [1m[31mROLLBACK[0m
  [1m[35m (0.2ms)[0m  [1m[35mBEGIN[0m
  [1m[35m (0.3ms)[0m  [1m[31mROLLBACK[0m
  [1m[35m (2.2ms)[0m  [1m[35mBEGIN[0m
  [1m[35m (0.5ms)[0m  [1m[31mROLLBACK[0m
  [1m[36mCat Load (1.4ms)[0m  [1m[34mSELECT "cats".* FROM "cats"[0m
  [1m[35m (0.2ms)[0m  [1m[35mBEGIN[0m
  [1m[35m (1.8ms)[0m  [1m[31mROLLBACK[0m
  [1m[35m (0.3ms)[0m  [1m[35mBEGIN[0m
  [1m[36mCat Create (14.3ms)[0m  [1m[32mINSERT INTO "cats" ("color", "name", "sex", "created_at", "updated_at") VALUES ($1, $2, $3, $4, $5) RETURNING "id"[0m  [["color", "calico"], ["name", "Garfield"], ["sex", "m"], ["created_at", "2020-09-04 23:21:39.686005"], ["updated_at", "2020-09-04 23:21:39.686005"]]
  [1m[35m (11.7ms)[0m  [1m[35mCOMMIT[0m
  [1m[36mCat Load (0.6ms)[0m  [1m[34mSELECT "cats".* FROM "cats"[0m
  [1m[35m (0.2ms)[0m  [1m[35mBEGIN[0m
  [1m[36mCat Destroy (39.5ms)[0m  [1m[31mDELETE FROM "cats" WHERE "cats"."id" = $1[0m  [["id", 1]]
  [1m[35m (10.6ms)[0m  [1m[35mCOMMIT[0m
  [1m[36mCat Load (0.6ms)[0m  [1m[34mSELECT "cats".* FROM "cats"[0m
  [1m[35m (0.2ms)[0m  [1m[35mBEGIN[0m
  [1m[36mCat Create (0.7ms)[0m  [1m[32mINSERT INTO "cats" ("color", "name", "sex", "description", "created_at", "updated_at") VALUES ($1, $2, $3, $4, $5, $6) RETURNING "id"[0m  [["color", "calico"], ["name", "Garfield"], ["sex", "m"], ["description", "loves lasagna"], ["created_at", "2020-09-04 23:23:24.893888"], ["updated_at", "2020-09-04 23:23:24.893888"]]
  [1m[35m (6.1ms)[0m  [1m[35mCOMMIT[0m
  [1m[36mCat Load (1.4ms)[0m  [1m[34mSELECT "cats".* FROM "cats"[0m
  [1m[35m (0.5ms)[0m  [1m[35mBEGIN[0m
  [1m[36mCat Create (3.3ms)[0m  [1m[32mINSERT INTO "cats" ("color", "sex", "description", "created_at", "updated_at") VALUES ($1, $2, $3, $4, $5) RETURNING "id"[0m  [["color", "black"], ["sex", "f"], ["description", "evil"], ["created_at", "2020-09-04 23:24:32.403617"], ["updated_at", "2020-09-04 23:24:32.403617"]]
  [1m[35m (17.9ms)[0m  [1m[35mCOMMIT[0m
  [1m[36mCat Load (1.8ms)[0m  [1m[34mSELECT "cats".* FROM "cats"[0m
Started GET "/cats" for ::1 at 2020-09-04 16:26:24 -0700
Processing by CatsController#index as */*
  [1m[36mCat Load (8.6ms)[0m  [1m[34mSELECT "cats".* FROM "cats"[0m
  ↳ app/controllers/cats_controller.rb:16
Completed 200 OK in 65ms (Views: 27.4ms | ActiveRecord: 31.1ms)


Started GET "/cats" for ::1 at 2020-09-04 16:28:12 -0700
Processing by CatsController#index as HTML
  [1m[36mCat Load (0.6ms)[0m  [1m[34mSELECT "cats".* FROM "cats"[0m
  ↳ app/controllers/cats_controller.rb:16
Completed 200 OK in 59ms (Views: 28.0ms | ActiveRecord: 24.7ms)


Started GET "/cats" for ::1 at 2020-09-04 16:39:50 -0700
Processing by CatsController#index as */*
Completed 500 Internal Server Error in 3ms (ActiveRecord: 0.0ms)



SyntaxError - syntax error, unexpected '}', expecting =>
...on: { %w(calico,white,black)  }
...                              ^:
  app/models/cat.rb:4:in `'
  app/controllers/cats_controller.rb:16:in `index'

Started GET "/cats" for ::1 at 2020-09-04 16:40:08 -0700
Processing by CatsController#index as */*
Completed 500 Internal Server Error in 327ms (ActiveRecord: 0.0ms)



ActionView::MissingTemplate - Missing template cats/index, application/index with {:locale=>[:en], :formats=>[:html, :text, :js, :css, :ics, :csv, :vcf, :vtt, :png, :jpeg, :gif, :bmp, :tiff, :svg, :mpeg, :mp3, :ogg, :m4a, :webm, :mp4, :otf, :ttf, :woff, :woff2, :xml, :rss, :atom, :yaml, :multipart_form, :url_encoded_form, :json, :pdf, :zip, :gzip], :variants=>[], :handlers=>[:raw, :erb, :html, :builder, :ruby, :coffee, :jbuilder]}. Searched in:
  * "/mnt/c/Users/hgparker/Documents/Extracurricular/Programming/App Academy Files/Local_Files/Exercises/W6D6/catrentals/app/views"
:
  app/controllers/cats_controller.rb:17:in `index'

Started GET "/cats" for ::1 at 2020-09-04 16:40:18 -0700
Processing by CatsController#index as HTML
Completed 500 Internal Server Error in 22ms (ActiveRecord: 0.0ms)



ActionView::MissingTemplate - Missing template cats/index, application/index with {:locale=>[:en], :formats=>[:html], :variants=>[], :handlers=>[:raw, :erb, :html, :builder, :ruby, :coffee, :jbuilder]}. Searched in:
  * "/mnt/c/Users/hgparker/Documents/Extracurricular/Programming/App Academy Files/Local_Files/Exercises/W6D6/catrentals/app/views"
:
  app/controllers/cats_controller.rb:17:in `index'

Started POST "/__better_errors/0eea807ce802895d/variables" for ::1 at 2020-09-04 16:40:19 -0700
  [1m[36mCat Load (7.2ms)[0m  [1m[34mSELECT  "cats".* FROM "cats" LIMIT $1[0m  [["LIMIT", 11]]
  ↳ /home/hgparker/.rbenv/versions/2.5.1/lib/ruby/gems/2.5.0/gems/activerecord-5.2.4.3/lib/active_record/log_subscriber.rb:98
Started GET "/cats" for ::1 at 2020-09-04 16:42:47 -0700
Processing by CatsController#index as HTML
  Rendering cats/index.html.erb within layouts/application
  Rendered cats/index.html.erb within layouts/application (0.5ms)
Completed 200 OK in 6298ms (Views: 6296.8ms | ActiveRecord: 0.0ms)


Started GET "/cats" for ::1 at 2020-09-04 16:42:55 -0700
Processing by CatsController#index as HTML
  Rendering cats/index.html.erb within layouts/application
  Rendered cats/index.html.erb within layouts/application (0.5ms)
Completed 200 OK in 132ms (Views: 131.5ms | ActiveRecord: 0.0ms)


Started GET "/cats" for ::1 at 2020-09-04 16:47:14 -0700
Processing by CatsController#index as HTML
  Rendering cats/index.html.erb within layouts/application
  Rendered cats/index.html.erb within layouts/application (0.8ms)
Completed 200 OK in 163ms (Views: 156.7ms | ActiveRecord: 0.0ms)


Started GET "/cats" for ::1 at 2020-09-04 16:47:24 -0700
Processing by CatsController#index as HTML
  Rendering cats/index.html.erb within layouts/application
  Rendered cats/index.html.erb within layouts/application (0.6ms)
Completed 200 OK in 149ms (Views: 148.2ms | ActiveRecord: 0.0ms)


Started GET "/cats" for ::1 at 2020-09-04 16:52:32 -0700
Processing by CatsController#index as HTML
  Rendering cats/index.html.erb within layouts/application
  [1m[36mCat Load (1.8ms)[0m  [1m[34mSELECT "cats".* FROM "cats"[0m
  ↳ app/views/cats/index.html.erb:10
  Rendered cats/index.html.erb within layouts/application (7.6ms)
Completed 200 OK in 167ms (Views: 164.2ms | ActiveRecord: 1.8ms)


Started GET "/cats" for ::1 at 2020-09-04 16:53:15 -0700
Processing by CatsController#index as HTML
  Rendering cats/index.html.erb within layouts/application
  [1m[36mCat Load (0.9ms)[0m  [1m[34mSELECT "cats".* FROM "cats"[0m
  ↳ app/views/cats/index.html.erb:10
  Rendered cats/index.html.erb within layouts/application (3.7ms)
Completed 200 OK in 154ms (Views: 152.0ms | ActiveRecord: 0.9ms)


Started GET "/cats" for ::1 at 2020-09-04 16:54:04 -0700
Processing by CatsController#index as HTML
  Rendering cats/index.html.erb within layouts/application
  [1m[36mCat Load (0.5ms)[0m  [1m[34mSELECT "cats".* FROM "cats"[0m
  ↳ app/views/cats/index.html.erb:10
  Rendered cats/index.html.erb within layouts/application (2.7ms)
Completed 200 OK in 135ms (Views: 133.5ms | ActiveRecord: 0.5ms)


Started GET "/cats" for ::1 at 2020-09-04 16:54:05 -0700
Processing by CatsController#index as HTML
  Rendering cats/index.html.erb within layouts/application
  [1m[36mCat Load (0.5ms)[0m  [1m[34mSELECT "cats".* FROM "cats"[0m
  ↳ app/views/cats/index.html.erb:10
  Rendered cats/index.html.erb within layouts/application (2.0ms)
Completed 200 OK in 118ms (Views: 116.6ms | ActiveRecord: 0.5ms)


Started GET "/cats" for ::1 at 2020-09-04 16:54:34 -0700
Processing by CatsController#index as HTML
  Rendering cats/index.html.erb within layouts/application
  [1m[36mCat Load (0.5ms)[0m  [1m[34mSELECT "cats".* FROM "cats"[0m
  ↳ app/views/cats/index.html.erb:10
  Rendered cats/index.html.erb within layouts/application (3.2ms)
Completed 200 OK in 130ms (Views: 128.9ms | ActiveRecord: 0.5ms)


Started GET "/cats" for ::1 at 2020-09-04 16:55:08 -0700
Processing by CatsController#index as HTML
  Rendering cats/index.html.erb within layouts/application
  [1m[36mCat Load (2.6ms)[0m  [1m[34mSELECT "cats".* FROM "cats"[0m
  ↳ app/views/cats/index.html.erb:10
  Rendered cats/index.html.erb within layouts/application (5.2ms)
Completed 200 OK in 131ms (Views: 127.8ms | ActiveRecord: 2.6ms)


